Command line invocation:
    /Applications/Xcode-26.0.1.app/Contents/Developer/usr/bin/xcodebuild build -project /Users/shindonggyu/Documents/MovieBox/MovieBox/MovieBox.xcodeproj -scheme MovieBox -destination id=00008110-0014712436A1401E -resultBundlePath /Users/shindonggyu/Documents/MovieBox/MovieBox/.nvim/xcodebuild/build.xcresult -parallelizeTargets

Resolve Package Graph


Resolved source packages:
  SwiftUIVisualEffects: https://github.com/lucasbrown/swiftui-visual-effects.git @ 1.0.3
  SkeletonUI: https://github.com/CSolanaM/SkeletonUI.git @ 2.0.2
  swift-syntax: https://github.com/swiftlang/swift-syntax @ 602.0.0
  Alamofire: https://github.com/Alamofire/Alamofire.git @ 5.10.2
  swift-snapshot-testing: https://github.com/pointfreeco/swift-snapshot-testing @ 1.18.7
  Realm: https://github.com/realm/realm-swift.git @ 20.0.0
  xctest-dynamic-overlay: https://github.com/pointfreeco/xctest-dynamic-overlay @ 1.7.0
  RealmDatabase: https://github.com/realm/realm-core.git @ 20.0.0
  ReactiveSwift: https://github.com/ReactiveCocoa/ReactiveSwift.git @ 6.7.0
  swift-custom-dump: https://github.com/pointfreeco/swift-custom-dump @ 1.3.3
  Cosmos: https://github.com/evgenyneu/Cosmos.git @ 25.0.1
  Moya: https://github.com/Moya/Moya.git @ 15.0.3
  RxSwift: https://github.com/ReactiveX/RxSwift.git @ 6.9.1
  ShuffleIt: https://github.com/dscyrescotti/ShuffleIt.git @ 2.1.3
  YouTubePlayerKit: https://github.com/SvenTiigi/YouTubePlayerKit.git @ 1.9.0
  Swinject: https://github.com/Swinject/Swinject.git @ 2.10.0
  Kingfisher: https://github.com/onevcat/Kingfisher.git @ 8.6.1

Writing result bundle at path:
	/Users/shindonggyu/Documents/MovieBox/MovieBox/.nvim/xcodebuild/build.xcresult

ComputePackagePrebuildTargetDependencyGraph

Prepare packages

CreateBuildRequest

SendProjectDescription

CreateBuildOperation

ComputeTargetDependencyGraph
note: Building targets in dependency order
note: Target dependency graph (36 targets)
    Target 'MovieBox' in project 'MovieBox'
        ➜ Explicit dependency on target 'RealmSwift' in project 'Realm'
        ➜ Explicit dependency on target 'SkeletonUI' in project 'SkeletonUI'
        ➜ Explicit dependency on target 'Cosmos' in project 'Cosmos'
        ➜ Explicit dependency on target 'Swinject' in project 'Swinject'
        ➜ Explicit dependency on target 'YouTubePlayerKit' in project 'YouTubePlayerKit'
        ➜ Explicit dependency on target 'ShuffleIt' in project 'ShuffleIt'
        ➜ Explicit dependency on target 'Moya' in project 'Moya'
        ➜ Explicit dependency on target 'SwiftUIVisualEffects' in project 'SwiftUIVisualEffects'
        ➜ Explicit dependency on target 'Kingfisher' in project 'Kingfisher'
    Target 'Kingfisher' in project 'Kingfisher'
        ➜ Explicit dependency on target 'Kingfisher' in project 'Kingfisher'
        ➜ Explicit dependency on target 'Kingfisher_Kingfisher' in project 'Kingfisher'
    Target 'Kingfisher' in project 'Kingfisher'
        ➜ Explicit dependency on target 'Kingfisher_Kingfisher' in project 'Kingfisher'
    Target 'Kingfisher_Kingfisher' in project 'Kingfisher' (no dependencies)
    Target 'SwiftUIVisualEffects' in project 'SwiftUIVisualEffects'
        ➜ Explicit dependency on target 'SwiftUIVisualEffects' in project 'SwiftUIVisualEffects'
    Target 'SwiftUIVisualEffects' in project 'SwiftUIVisualEffects' (no dependencies)
    Target 'Moya' in project 'Moya'
        ➜ Explicit dependency on target 'Moya' in project 'Moya'
        ➜ Explicit dependency on target 'Alamofire' in project 'Alamofire'
    Target 'Moya' in project 'Moya'
        ➜ Explicit dependency on target 'Alamofire' in project 'Alamofire'
    Target 'Alamofire' in project 'Alamofire'
        ➜ Explicit dependency on target 'Alamofire' in project 'Alamofire'
        ➜ Explicit dependency on target 'Alamofire_Alamofire' in project 'Alamofire'
    Target 'Alamofire' in project 'Alamofire'
        ➜ Explicit dependency on target 'Alamofire_Alamofire' in project 'Alamofire'
    Target 'Alamofire_Alamofire' in project 'Alamofire' (no dependencies)
    Target 'ShuffleIt' in project 'ShuffleIt'
        ➜ Explicit dependency on target 'ShuffleIt' in project 'ShuffleIt'
        ➜ Explicit dependency on target 'Utils' in project 'ShuffleIt'
    Target 'ShuffleIt' in project 'ShuffleIt'
        ➜ Explicit dependency on target 'Utils' in project 'ShuffleIt'
    Target 'Utils' in project 'ShuffleIt' (no dependencies)
    Target 'YouTubePlayerKit' in project 'YouTubePlayerKit'
        ➜ Explicit dependency on target 'YouTubePlayerKit' in project 'YouTubePlayerKit'
        ➜ Explicit dependency on target 'YouTubePlayerKit_YouTubePlayerKit' in project 'YouTubePlayerKit'
    Target 'YouTubePlayerKit' in project 'YouTubePlayerKit'
        ➜ Explicit dependency on target 'YouTubePlayerKit_YouTubePlayerKit' in project 'YouTubePlayerKit'
    Target 'YouTubePlayerKit_YouTubePlayerKit' in project 'YouTubePlayerKit' (no dependencies)
    Target 'Swinject' in project 'Swinject'
        ➜ Explicit dependency on target 'Swinject' in project 'Swinject'
        ➜ Explicit dependency on target 'Swinject_Swinject' in project 'Swinject'
    Target 'Swinject' in project 'Swinject'
        ➜ Explicit dependency on target 'Swinject_Swinject' in project 'Swinject'
    Target 'Swinject_Swinject' in project 'Swinject' (no dependencies)
    Target 'Cosmos' in project 'Cosmos'
        ➜ Explicit dependency on target 'Cosmos' in project 'Cosmos'
        ➜ Explicit dependency on target 'Cosmos_Cosmos' in project 'Cosmos'
    Target 'Cosmos' in project 'Cosmos'
        ➜ Explicit dependency on target 'Cosmos_Cosmos' in project 'Cosmos'
    Target 'Cosmos_Cosmos' in project 'Cosmos' (no dependencies)
    Target 'SkeletonUI' in project 'SkeletonUI'
        ➜ Explicit dependency on target 'SkeletonUI' in project 'SkeletonUI'
    Target 'SkeletonUI' in project 'SkeletonUI' (no dependencies)
    Target 'RealmSwift' in project 'Realm'
        ➜ Explicit dependency on target 'RealmSwift' in project 'Realm'
        ➜ Explicit dependency on target 'Realm_RealmSwift' in project 'Realm'
        ➜ Explicit dependency on target 'Realm' in project 'Realm'
        ➜ Explicit dependency on target 'RealmCore' in project 'RealmDatabase'
    Target 'RealmSwift' in project 'Realm'
        ➜ Explicit dependency on target 'Realm_RealmSwift' in project 'Realm'
        ➜ Explicit dependency on target 'Realm' in project 'Realm'
        ➜ Explicit dependency on target 'RealmCore' in project 'RealmDatabase'
    Target 'Realm' in project 'Realm'
        ➜ Explicit dependency on target 'Realm_Realm' in project 'Realm'
        ➜ Explicit dependency on target 'RealmCore' in project 'RealmDatabase'
    Target 'RealmCore' in project 'RealmDatabase'
        ➜ Explicit dependency on target 'RealmCoreResources' in project 'RealmDatabase'
        ➜ Explicit dependency on target 'RealmDatabase_RealmCoreResources' in project 'RealmDatabase'
        ➜ Explicit dependency on target 'Bid' in project 'RealmDatabase'
        ➜ Explicit dependency on target 's2geometry' in project 'RealmDatabase'
        ➜ Explicit dependency on target 'RealmCore' in project 'RealmDatabase'
    Target 'RealmCoreResources' in project 'RealmDatabase'
        ➜ Explicit dependency on target 'RealmDatabase_RealmCoreResources' in project 'RealmDatabase'
        ➜ Explicit dependency on target 'Bid' in project 'RealmDatabase'
        ➜ Explicit dependency on target 's2geometry' in project 'RealmDatabase'
        ➜ Explicit dependency on target 'RealmCore' in project 'RealmDatabase'
    Target 'RealmCore' in project 'RealmDatabase'
        ➜ Explicit dependency on target 'Bid' in project 'RealmDatabase'
        ➜ Explicit dependency on target 's2geometry' in project 'RealmDatabase'
    Target 's2geometry' in project 'RealmDatabase' (no dependencies)
    Target 'Bid' in project 'RealmDatabase' (no dependencies)
    Target 'RealmDatabase_RealmCoreResources' in project 'RealmDatabase' (no dependencies)
    Target 'Realm_Realm' in project 'Realm' (no dependencies)
    Target 'Realm_RealmSwift' in project 'Realm' (no dependencies)

GatherProvisioningInputs

CreateBuildDescription

ExecuteExternalTool /Applications/Xcode-26.0.1.app/Contents/Developer/Toolchains/XcodeDefault.xctoolchain/usr/bin/clang -v -E -dM -arch arm64 -isysroot /Applications/Xcode-26.0.1.app/Contents/Developer/Platforms/iPhoneOS.platform/Developer/SDKs/iPhoneOS26.0.sdk -x c -c /dev/null

ExecuteExternalTool /Applications/Xcode-26.0.1.app/Contents/Developer/Toolchains/XcodeDefault.xctoolchain/usr/bin/clang -v -E -dM -arch arm64 -isysroot /Applications/Xcode-26.0.1.app/Contents/Developer/Platforms/iPhoneOS.platform/Developer/SDKs/iPhoneOS26.0.sdk -x c++ -c /dev/null

ExecuteExternalTool /Applications/Xcode-26.0.1.app/Contents/Developer/Toolchains/XcodeDefault.xctoolchain/usr/bin/clang -v -E -dM -arch arm64 -isysroot /Applications/Xcode-26.0.1.app/Contents/Developer/Platforms/iPhoneOS.platform/Developer/SDKs/iPhoneOS26.0.sdk -x objective-c -c /dev/null

ExecuteExternalTool /Applications/Xcode-26.0.1.app/Contents/Developer/Toolchains/XcodeDefault.xctoolchain/usr/bin/swiftc --version

ExecuteExternalTool /Applications/Xcode-26.0.1.app/Contents/Developer/Toolchains/XcodeDefault.xctoolchain/usr/bin/ld -version_details

ExecuteExternalTool /Applications/Xcode-26.0.1.app/Contents/Developer/Toolchains/XcodeDefault.xctoolchain/usr/bin/clang -v -E -dM -isysroot /Applications/Xcode-26.0.1.app/Contents/Developer/Platforms/iPhoneOS.platform/Developer/SDKs/iPhoneOS26.0.sdk -x c -c /dev/null

ExecuteExternalTool /Applications/Xcode-26.0.1.app/Contents/Developer/usr/bin/ibtool --version --output-format xml1

ExecuteExternalTool /Applications/Xcode-26.0.1.app/Contents/Developer/usr/bin/actool --print-asset-tag-combinations --output-format xml1 /Users/shindonggyu/Documents/MovieBox/MovieBox/MovieBox/Preview Content/Preview Assets.xcassets /Users/shindonggyu/Documents/MovieBox/MovieBox/MovieBox/Resources/Assets.xcassets

ExecuteExternalTool /Applications/Xcode-26.0.1.app/Contents/Developer/Toolchains/XcodeDefault.xctoolchain/usr/bin/clang -v -E -dM -arch arm64 -isysroot /Applications/Xcode-26.0.1.app/Contents/Developer/Platforms/iPhoneOS.platform/Developer/SDKs/iPhoneOS26.0.sdk -x objective-c++ -c /dev/null

ReadFileContents /Applications/Xcode-26.0.1.app/Contents/Developer/Toolchains/XcodeDefault.xctoolchain/usr/share/docc/features.json

ExecuteExternalTool /Applications/Xcode-26.0.1.app/Contents/Developer/usr/bin/actool --version --output-format xml1

Build description signature: 55bc1e62116cc651d0409b3cfc2dc011
Build description path: /Users/shindonggyu/Library/Developer/Xcode/DerivedData/MovieBox-clhiigenqkkfoleuoryfnsgmylbs/Build/Intermediates.noindex/XCBuildData/55bc1e62116cc651d0409b3cfc2dc011.xcbuilddata
ClangStatCache /Applications/Xcode-26.0.1.app/Contents/Developer/Toolchains/XcodeDefault.xctoolchain/usr/bin/clang-stat-cache /Applications/Xcode-26.0.1.app/Contents/Developer/Platforms/iPhoneOS.platform/Developer/SDKs/iPhoneOS26.0.sdk /Users/shindonggyu/Library/Developer/Xcode/DerivedData/SDKStatCaches.noindex/iphoneos26.0-23A339-0f53b02c8474e8e9b7a75290ef5106fd.sdkstatcache
    cd /Users/shindonggyu/Documents/MovieBox/MovieBox/MovieBox.xcodeproj
    /Applications/Xcode-26.0.1.app/Contents/Developer/Toolchains/XcodeDefault.xctoolchain/usr/bin/clang-stat-cache /Applications/Xcode-26.0.1.app/Contents/Developer/Platforms/iPhoneOS.platform/Developer/SDKs/iPhoneOS26.0.sdk -o /Users/shindonggyu/Library/Developer/Xcode/DerivedData/SDKStatCaches.noindex/iphoneos26.0-23A339-0f53b02c8474e8e9b7a75290ef5106fd.sdkstatcache

ProcessInfoPlistFile /Users/shindonggyu/Library/Developer/Xcode/DerivedData/MovieBox-clhiigenqkkfoleuoryfnsgmylbs/Build/Products/Debug-iphoneos/Alamofire_Alamofire.bundle/Info.plist /Users/shindonggyu/Library/Developer/Xcode/DerivedData/MovieBox-clhiigenqkkfoleuoryfnsgmylbs/Build/Intermediates.noindex/Alamofire.build/Debug-iphoneos/Alamofire_Alamofire.build/empty-Alamofire_Alamofire.plist (in target 'Alamofire_Alamofire' from project 'Alamofire')
    cd /Users/shindonggyu/Library/Developer/Xcode/DerivedData/MovieBox-clhiigenqkkfoleuoryfnsgmylbs/SourcePackages/checkouts/Alamofire
    builtin-infoPlistUtility /Users/shindonggyu/Library/Developer/Xcode/DerivedData/MovieBox-clhiigenqkkfoleuoryfnsgmylbs/Build/Intermediates.noindex/Alamofire.build/Debug-iphoneos/Alamofire_Alamofire.build/empty-Alamofire_Alamofire.plist -producttype com.apple.product-type.bundle -expandbuildsettings -format binary -platform iphoneos -requiredArchitecture arm64 -o /Users/shindonggyu/Library/Developer/Xcode/DerivedData/MovieBox-clhiigenqkkfoleuoryfnsgmylbs/Build/Products/Debug-iphoneos/Alamofire_Alamofire.bundle/Info.plist

ProcessInfoPlistFile /Users/shindonggyu/Library/Developer/Xcode/DerivedData/MovieBox-clhiigenqkkfoleuoryfnsgmylbs/Build/Products/Debug-iphoneos/YouTubePlayerKit_YouTubePlayerKit.bundle/Info.plist /Users/shindonggyu/Library/Developer/Xcode/DerivedData/MovieBox-clhiigenqkkfoleuoryfnsgmylbs/Build/Intermediates.noindex/YouTubePlayerKit.build/Debug-iphoneos/YouTubePlayerKit_YouTubePlayerKit.build/empty-YouTubePlayerKit_YouTubePlayerKit.plist (in target 'YouTubePlayerKit_YouTubePlayerKit' from project 'YouTubePlayerKit')
    cd /Users/shindonggyu/Library/Developer/Xcode/DerivedData/MovieBox-clhiigenqkkfoleuoryfnsgmylbs/SourcePackages/checkouts/YouTubePlayerKit
    builtin-infoPlistUtility /Users/shindonggyu/Library/Developer/Xcode/DerivedData/MovieBox-clhiigenqkkfoleuoryfnsgmylbs/Build/Intermediates.noindex/YouTubePlayerKit.build/Debug-iphoneos/YouTubePlayerKit_YouTubePlayerKit.build/empty-YouTubePlayerKit_YouTubePlayerKit.plist -producttype com.apple.product-type.bundle -expandbuildsettings -format binary -platform iphoneos -requiredArchitecture arm64 -o /Users/shindonggyu/Library/Developer/Xcode/DerivedData/MovieBox-clhiigenqkkfoleuoryfnsgmylbs/Build/Products/Debug-iphoneos/YouTubePlayerKit_YouTubePlayerKit.bundle/Info.plist

ProcessInfoPlistFile /Users/shindonggyu/Library/Developer/Xcode/DerivedData/MovieBox-clhiigenqkkfoleuoryfnsgmylbs/Build/Products/Debug-iphoneos/Realm_RealmSwift.bundle/Info.plist /Users/shindonggyu/Library/Developer/Xcode/DerivedData/MovieBox-clhiigenqkkfoleuoryfnsgmylbs/Build/Intermediates.noindex/Realm.build/Debug-iphoneos/Realm_RealmSwift.build/empty-Realm_RealmSwift.plist (in target 'Realm_RealmSwift' from project 'Realm')
    cd /Users/shindonggyu/Library/Developer/Xcode/DerivedData/MovieBox-clhiigenqkkfoleuoryfnsgmylbs/SourcePackages/checkouts/realm-swift
    builtin-infoPlistUtility /Users/shindonggyu/Library/Developer/Xcode/DerivedData/MovieBox-clhiigenqkkfoleuoryfnsgmylbs/Build/Intermediates.noindex/Realm.build/Debug-iphoneos/Realm_RealmSwift.build/empty-Realm_RealmSwift.plist -producttype com.apple.product-type.bundle -expandbuildsettings -format binary -platform iphoneos -requiredArchitecture arm64 -o /Users/shindonggyu/Library/Developer/Xcode/DerivedData/MovieBox-clhiigenqkkfoleuoryfnsgmylbs/Build/Products/Debug-iphoneos/Realm_RealmSwift.bundle/Info.plist

ProcessInfoPlistFile /Users/shindonggyu/Library/Developer/Xcode/DerivedData/MovieBox-clhiigenqkkfoleuoryfnsgmylbs/Build/Products/Debug-iphoneos/Swinject_Swinject.bundle/Info.plist /Users/shindonggyu/Library/Developer/Xcode/DerivedData/MovieBox-clhiigenqkkfoleuoryfnsgmylbs/Build/Intermediates.noindex/Swinject.build/Debug-iphoneos/Swinject_Swinject.build/empty-Swinject_Swinject.plist (in target 'Swinject_Swinject' from project 'Swinject')
    cd /Users/shindonggyu/Library/Developer/Xcode/DerivedData/MovieBox-clhiigenqkkfoleuoryfnsgmylbs/SourcePackages/checkouts/Swinject
    builtin-infoPlistUtility /Users/shindonggyu/Library/Developer/Xcode/DerivedData/MovieBox-clhiigenqkkfoleuoryfnsgmylbs/Build/Intermediates.noindex/Swinject.build/Debug-iphoneos/Swinject_Swinject.build/empty-Swinject_Swinject.plist -producttype com.apple.product-type.bundle -expandbuildsettings -format binary -platform iphoneos -requiredArchitecture arm64 -o /Users/shindonggyu/Library/Developer/Xcode/DerivedData/MovieBox-clhiigenqkkfoleuoryfnsgmylbs/Build/Products/Debug-iphoneos/Swinject_Swinject.bundle/Info.plist

ProcessInfoPlistFile /Users/shindonggyu/Library/Developer/Xcode/DerivedData/MovieBox-clhiigenqkkfoleuoryfnsgmylbs/Build/Products/Debug-iphoneos/Realm_Realm.bundle/Info.plist /Users/shindonggyu/Library/Developer/Xcode/DerivedData/MovieBox-clhiigenqkkfoleuoryfnsgmylbs/Build/Intermediates.noindex/Realm.build/Debug-iphoneos/Realm_Realm.build/empty-Realm_Realm.plist (in target 'Realm_Realm' from project 'Realm')
    cd /Users/shindonggyu/Library/Developer/Xcode/DerivedData/MovieBox-clhiigenqkkfoleuoryfnsgmylbs/SourcePackages/checkouts/realm-swift
    builtin-infoPlistUtility /Users/shindonggyu/Library/Developer/Xcode/DerivedData/MovieBox-clhiigenqkkfoleuoryfnsgmylbs/Build/Intermediates.noindex/Realm.build/Debug-iphoneos/Realm_Realm.build/empty-Realm_Realm.plist -producttype com.apple.product-type.bundle -expandbuildsettings -format binary -platform iphoneos -requiredArchitecture arm64 -o /Users/shindonggyu/Library/Developer/Xcode/DerivedData/MovieBox-clhiigenqkkfoleuoryfnsgmylbs/Build/Products/Debug-iphoneos/Realm_Realm.bundle/Info.plist

ProcessInfoPlistFile /Users/shindonggyu/Library/Developer/Xcode/DerivedData/MovieBox-clhiigenqkkfoleuoryfnsgmylbs/Build/Products/Debug-iphoneos/RealmDatabase_RealmCoreResources.bundle/Info.plist /Users/shindonggyu/Library/Developer/Xcode/DerivedData/MovieBox-clhiigenqkkfoleuoryfnsgmylbs/Build/Intermediates.noindex/RealmDatabase.build/Debug-iphoneos/RealmDatabase_RealmCoreResources.build/empty-RealmDatabase_RealmCoreResources.plist (in target 'RealmDatabase_RealmCoreResources' from project 'RealmDatabase')
    cd /Users/shindonggyu/Library/Developer/Xcode/DerivedData/MovieBox-clhiigenqkkfoleuoryfnsgmylbs/SourcePackages/checkouts/realm-core
    builtin-infoPlistUtility /Users/shindonggyu/Library/Developer/Xcode/DerivedData/MovieBox-clhiigenqkkfoleuoryfnsgmylbs/Build/Intermediates.noindex/RealmDatabase.build/Debug-iphoneos/RealmDatabase_RealmCoreResources.build/empty-RealmDatabase_RealmCoreResources.plist -producttype com.apple.product-type.bundle -expandbuildsettings -format binary -platform iphoneos -requiredArchitecture arm64 -o /Users/shindonggyu/Library/Developer/Xcode/DerivedData/MovieBox-clhiigenqkkfoleuoryfnsgmylbs/Build/Products/Debug-iphoneos/RealmDatabase_RealmCoreResources.bundle/Info.plist

ProcessInfoPlistFile /Users/shindonggyu/Library/Developer/Xcode/DerivedData/MovieBox-clhiigenqkkfoleuoryfnsgmylbs/Build/Products/Debug-iphoneos/Cosmos_Cosmos.bundle/Info.plist /Users/shindonggyu/Library/Developer/Xcode/DerivedData/MovieBox-clhiigenqkkfoleuoryfnsgmylbs/Build/Intermediates.noindex/Cosmos.build/Debug-iphoneos/Cosmos_Cosmos.build/empty-Cosmos_Cosmos.plist (in target 'Cosmos_Cosmos' from project 'Cosmos')
    cd /Users/shindonggyu/Library/Developer/Xcode/DerivedData/MovieBox-clhiigenqkkfoleuoryfnsgmylbs/SourcePackages/checkouts/Cosmos
    builtin-infoPlistUtility /Users/shindonggyu/Library/Developer/Xcode/DerivedData/MovieBox-clhiigenqkkfoleuoryfnsgmylbs/Build/Intermediates.noindex/Cosmos.build/Debug-iphoneos/Cosmos_Cosmos.build/empty-Cosmos_Cosmos.plist -producttype com.apple.product-type.bundle -expandbuildsettings -format binary -platform iphoneos -requiredArchitecture arm64 -o /Users/shindonggyu/Library/Developer/Xcode/DerivedData/MovieBox-clhiigenqkkfoleuoryfnsgmylbs/Build/Products/Debug-iphoneos/Cosmos_Cosmos.bundle/Info.plist

ProcessInfoPlistFile /Users/shindonggyu/Library/Developer/Xcode/DerivedData/MovieBox-clhiigenqkkfoleuoryfnsgmylbs/Build/Products/Debug-iphoneos/Kingfisher_Kingfisher.bundle/Info.plist /Users/shindonggyu/Library/Developer/Xcode/DerivedData/MovieBox-clhiigenqkkfoleuoryfnsgmylbs/Build/Intermediates.noindex/Kingfisher.build/Debug-iphoneos/Kingfisher_Kingfisher.build/empty-Kingfisher_Kingfisher.plist (in target 'Kingfisher_Kingfisher' from project 'Kingfisher')
    cd /Users/shindonggyu/Library/Developer/Xcode/DerivedData/MovieBox-clhiigenqkkfoleuoryfnsgmylbs/SourcePackages/checkouts/Kingfisher
    builtin-infoPlistUtility /Users/shindonggyu/Library/Developer/Xcode/DerivedData/MovieBox-clhiigenqkkfoleuoryfnsgmylbs/Build/Intermediates.noindex/Kingfisher.build/Debug-iphoneos/Kingfisher_Kingfisher.build/empty-Kingfisher_Kingfisher.plist -producttype com.apple.product-type.bundle -expandbuildsettings -format binary -platform iphoneos -requiredArchitecture arm64 -o /Users/shindonggyu/Library/Developer/Xcode/DerivedData/MovieBox-clhiigenqkkfoleuoryfnsgmylbs/Build/Products/Debug-iphoneos/Kingfisher_Kingfisher.bundle/Info.plist

WriteAuxiliaryFile /Users/shindonggyu/Library/Developer/Xcode/DerivedData/MovieBox-clhiigenqkkfoleuoryfnsgmylbs/Build/Intermediates.noindex/MovieBox.build/Debug-iphoneos/MovieBox.build/Objects-normal/arm64/MovieBox.SwiftFileList (in target 'MovieBox' from project 'MovieBox')
    cd /Users/shindonggyu/Documents/MovieBox/MovieBox
    write-file /Users/shindonggyu/Library/Developer/Xcode/DerivedData/MovieBox-clhiigenqkkfoleuoryfnsgmylbs/Build/Intermediates.noindex/MovieBox.build/Debug-iphoneos/MovieBox.build/Objects-normal/arm64/MovieBox.SwiftFileList

WriteAuxiliaryFile /Users/shindonggyu/Library/Developer/Xcode/DerivedData/MovieBox-clhiigenqkkfoleuoryfnsgmylbs/Build/Intermediates.noindex/MovieBox.build/Debug-iphoneos/MovieBox.build/Objects-normal/arm64/MovieBox.SwiftConstValuesFileList (in target 'MovieBox' from project 'MovieBox')
    cd /Users/shindonggyu/Documents/MovieBox/MovieBox
    write-file /Users/shindonggyu/Library/Developer/Xcode/DerivedData/MovieBox-clhiigenqkkfoleuoryfnsgmylbs/Build/Intermediates.noindex/MovieBox.build/Debug-iphoneos/MovieBox.build/Objects-normal/arm64/MovieBox.SwiftConstValuesFileList

WriteAuxiliaryFile /Users/shindonggyu/Library/Developer/Xcode/DerivedData/MovieBox-clhiigenqkkfoleuoryfnsgmylbs/Build/Intermediates.noindex/MovieBox.build/Debug-iphoneos/MovieBox.build/Objects-normal/arm64/MovieBox.LinkFileList (in target 'MovieBox' from project 'MovieBox')
    cd /Users/shindonggyu/Documents/MovieBox/MovieBox
    write-file /Users/shindonggyu/Library/Developer/Xcode/DerivedData/MovieBox-clhiigenqkkfoleuoryfnsgmylbs/Build/Intermediates.noindex/MovieBox.build/Debug-iphoneos/MovieBox.build/Objects-normal/arm64/MovieBox.LinkFileList

WriteAuxiliaryFile /Users/shindonggyu/Library/Developer/Xcode/DerivedData/MovieBox-clhiigenqkkfoleuoryfnsgmylbs/Build/Intermediates.noindex/MovieBox.build/Debug-iphoneos/MovieBox.build/Objects-normal/arm64/MovieBox-OutputFileMap.json (in target 'MovieBox' from project 'MovieBox')
    cd /Users/shindonggyu/Documents/MovieBox/MovieBox
    write-file /Users/shindonggyu/Library/Developer/Xcode/DerivedData/MovieBox-clhiigenqkkfoleuoryfnsgmylbs/Build/Intermediates.noindex/MovieBox.build/Debug-iphoneos/MovieBox.build/Objects-normal/arm64/MovieBox-OutputFileMap.json

SwiftDriver MovieBox normal arm64 com.apple.xcode.tools.swift.compiler (in target 'MovieBox' from project 'MovieBox')
    cd /Users/shindonggyu/Documents/MovieBox/MovieBox
    builtin-SwiftDriver -- /Applications/Xcode-26.0.1.app/Contents/Developer/Toolchains/XcodeDefault.xctoolchain/usr/bin/swiftc -module-name MovieBox -Onone -enforce-exclusivity\=checked @/Users/shindonggyu/Library/Developer/Xcode/DerivedData/MovieBox-clhiigenqkkfoleuoryfnsgmylbs/Build/Intermediates.noindex/MovieBox.build/Debug-iphoneos/MovieBox.build/Objects-normal/arm64/MovieBox.SwiftFileList -DDEBUG -Xcc -fmodule-map-file\=/Users/shindonggyu/Library/Developer/Xcode/DerivedData/MovieBox-clhiigenqkkfoleuoryfnsgmylbs/Build/Intermediates.noindex/GeneratedModuleMaps-iphoneos/s2geometry.modulemap -Xcc -fmodule-map-file\=/Users/shindonggyu/Library/Developer/Xcode/DerivedData/MovieBox-clhiigenqkkfoleuoryfnsgmylbs/Build/Intermediates.noindex/GeneratedModuleMaps-iphoneos/Bid.modulemap -Xcc -fmodule-map-file\=/Users/shindonggyu/Library/Developer/Xcode/DerivedData/MovieBox-clhiigenqkkfoleuoryfnsgmylbs/Build/Intermediates.noindex/GeneratedModuleMaps-iphoneos/RealmCoreResources.modulemap -enable-bare-slash-regex -enable-experimental-feature DebugDescriptionMacro -sdk /Applications/Xcode-26.0.1.app/Contents/Developer/Platforms/iPhoneOS.platform/Developer/SDKs/iPhoneOS26.0.sdk -target arm64-apple-ios16.0 -g -module-cache-path /Users/shindonggyu/Library/Developer/Xcode/DerivedData/ModuleCache.noindex -Xfrontend -serialize-debugging-options -enable-testing -index-store-path /Users/shindonggyu/Library/Developer/Xcode/DerivedData/MovieBox-clhiigenqkkfoleuoryfnsgmylbs/Index.noindex/DataStore -Xcc -D_LIBCPP_HARDENING_MODE\=_LIBCPP_HARDENING_MODE_DEBUG -swift-version 5 -I /Users/shindonggyu/Library/Developer/Xcode/DerivedData/MovieBox-clhiigenqkkfoleuoryfnsgmylbs/Build/Products/Debug-iphoneos -F /Users/shindonggyu/Library/Developer/Xcode/DerivedData/MovieBox-clhiigenqkkfoleuoryfnsgmylbs/Build/Products/Debug-iphoneos/PackageFrameworks -F /Users/shindonggyu/Library/Developer/Xcode/DerivedData/MovieBox-clhiigenqkkfoleuoryfnsgmylbs/Build/Products/Debug-iphoneos/PackageFrameworks -F /Users/shindonggyu/Library/Developer/Xcode/DerivedData/MovieBox-clhiigenqkkfoleuoryfnsgmylbs/Build/Products/Debug-iphoneos/PackageFrameworks -F /Users/shindonggyu/Library/Developer/Xcode/DerivedData/MovieBox-clhiigenqkkfoleuoryfnsgmylbs/Build/Products/Debug-iphoneos/PackageFrameworks -F /Users/shindonggyu/Library/Developer/Xcode/DerivedData/MovieBox-clhiigenqkkfoleuoryfnsgmylbs/Build/Products/Debug-iphoneos/PackageFrameworks -F /Users/shindonggyu/Library/Developer/Xcode/DerivedData/MovieBox-clhiigenqkkfoleuoryfnsgmylbs/Build/Products/Debug-iphoneos/PackageFrameworks -F /Users/shindonggyu/Library/Developer/Xcode/DerivedData/MovieBox-clhiigenqkkfoleuoryfnsgmylbs/Build/Products/Debug-iphoneos/PackageFrameworks -F /Users/shindonggyu/Library/Developer/Xcode/DerivedData/MovieBox-clhiigenqkkfoleuoryfnsgmylbs/Build/Products/Debug-iphoneos/PackageFrameworks -F /Users/shindonggyu/Library/Developer/Xcode/DerivedData/MovieBox-clhiigenqkkfoleuoryfnsgmylbs/Build/Products/Debug-iphoneos/PackageFrameworks -F /Users/shindonggyu/Library/Developer/Xcode/DerivedData/MovieBox-clhiigenqkkfoleuoryfnsgmylbs/Build/Products/Debug-iphoneos/PackageFrameworks -F /Users/shindonggyu/Library/Developer/Xcode/DerivedData/MovieBox-clhiigenqkkfoleuoryfnsgmylbs/Build/Products/Debug-iphoneos/PackageFrameworks -F /Users/shindonggyu/Library/Developer/Xcode/DerivedData/MovieBox-clhiigenqkkfoleuoryfnsgmylbs/Build/Products/Debug-iphoneos/PackageFrameworks -F /Users/shindonggyu/Library/Developer/Xcode/DerivedData/MovieBox-clhiigenqkkfoleuoryfnsgmylbs/Build/Products/Debug-iphoneos/PackageFrameworks -F /Users/shindonggyu/Library/Developer/Xcode/DerivedData/MovieBox-clhiigenqkkfoleuoryfnsgmylbs/Build/Products/Debug-iphoneos/PackageFrameworks -F /Users/shindonggyu/Library/Developer/Xcode/DerivedData/MovieBox-clhiigenqkkfoleuoryfnsgmylbs/Build/Products/Debug-iphoneos/PackageFrameworks -F /Users/shindonggyu/Library/Developer/Xcode/DerivedData/MovieBox-clhiigenqkkfoleuoryfnsgmylbs/Build/Products/Debug-iphoneos/PackageFrameworks -F /Users/shindonggyu/Library/Developer/Xcode/DerivedData/MovieBox-clhiigenqkkfoleuoryfnsgmylbs/Build/Products/Debug-iphoneos -emit-localized-strings -emit-localized-strings-path /Users/shindonggyu/Library/Developer/Xcode/DerivedData/MovieBox-clhiigenqkkfoleuoryfnsgmylbs/Build/Intermediates.noindex/MovieBox.build/Debug-iphoneos/MovieBox.build/Objects-normal/arm64 -c -j11 -enable-batch-mode -incremental -Xcc -ivfsstatcache -Xcc /Users/shindonggyu/Library/Developer/Xcode/DerivedData/SDKStatCaches.noindex/iphoneos26.0-23A339-0f53b02c8474e8e9b7a75290ef5106fd.sdkstatcache -output-file-map /Users/shindonggyu/Library/Developer/Xcode/DerivedData/MovieBox-clhiigenqkkfoleuoryfnsgmylbs/Build/Intermediates.noindex/MovieBox.build/Debug-iphoneos/MovieBox.build/Objects-normal/arm64/MovieBox-OutputFileMap.json -use-frontend-parseable-output -save-temps -no-color-diagnostics -explicit-module-build -module-cache-path /Users/shindonggyu/Library/Developer/Xcode/DerivedData/MovieBox-clhiigenqkkfoleuoryfnsgmylbs/Build/Intermediates.noindex/SwiftExplicitPrecompiledModules -clang-scanner-module-cache-path /Users/shindonggyu/Library/Developer/Xcode/DerivedData/ModuleCache.noindex -sdk-module-cache-path /Users/shindonggyu/Library/Developer/Xcode/DerivedData/ModuleCache.noindex -serialize-diagnostics -emit-dependencies -emit-module -emit-module-path /Users/shindonggyu/Library/Developer/Xcode/DerivedData/MovieBox-clhiigenqkkfoleuoryfnsgmylbs/Build/Intermediates.noindex/MovieBox.build/Debug-iphoneos/MovieBox.build/Objects-normal/arm64/MovieBox.swiftmodule -validate-clang-modules-once -clang-build-session-file /Users/shindonggyu/Library/Developer/Xcode/DerivedData/ModuleCache.noindex/Session.modulevalidation -Xcc -I/Users/shindonggyu/Library/Developer/Xcode/DerivedData/MovieBox-clhiigenqkkfoleuoryfnsgmylbs/Build/Intermediates.noindex/MovieBox.build/Debug-iphoneos/MovieBox.build/swift-overrides.hmap -emit-const-values -Xfrontend -const-gather-protocols-file -Xfrontend /Users/shindonggyu/Library/Developer/Xcode/DerivedData/MovieBox-clhiigenqkkfoleuoryfnsgmylbs/Build/Intermediates.noindex/MovieBox.build/Debug-iphoneos/MovieBox.build/Objects-normal/arm64/MovieBox_const_extract_protocols.json -Xcc -iquote -Xcc /Users/shindonggyu/Library/Developer/Xcode/DerivedData/MovieBox-clhiigenqkkfoleuoryfnsgmylbs/Build/Intermediates.noindex/MovieBox.build/Debug-iphoneos/MovieBox.build/MovieBox-generated-files.hmap -Xcc -I/Users/shindonggyu/Library/Developer/Xcode/DerivedData/MovieBox-clhiigenqkkfoleuoryfnsgmylbs/Build/Intermediates.noindex/MovieBox.build/Debug-iphoneos/MovieBox.build/MovieBox-own-target-headers.hmap -Xcc -I/Users/shindonggyu/Library/Developer/Xcode/DerivedData/MovieBox-clhiigenqkkfoleuoryfnsgmylbs/Build/Intermediates.noindex/MovieBox.build/Debug-iphoneos/MovieBox.build/MovieBox-all-non-framework-target-headers.hmap -Xcc -ivfsoverlay -Xcc /Users/shindonggyu/Library/Developer/Xcode/DerivedData/MovieBox-clhiigenqkkfoleuoryfnsgmylbs/Build/Intermediates.noindex/MovieBox.build/Debug-iphoneos/MovieBox-ec7136523e9c81e19215baf68bd9eccd-VFS-iphoneos/all-product-headers.yaml -Xcc -iquote -Xcc /Users/shindonggyu/Library/Developer/Xcode/DerivedData/MovieBox-clhiigenqkkfoleuoryfnsgmylbs/Build/Intermediates.noindex/MovieBox.build/Debug-iphoneos/MovieBox.build/MovieBox-project-headers.hmap -Xcc -I/Users/shindonggyu/Library/Developer/Xcode/DerivedData/MovieBox-clhiigenqkkfoleuoryfnsgmylbs/SourcePackages/checkouts/realm-core/src -Xcc -I/Users/shindonggyu/Library/Developer/Xcode/DerivedData/MovieBox-clhiigenqkkfoleuoryfnsgmylbs/SourcePackages/checkouts/realm-core/src/external/s2 -Xcc -I/Users/shindonggyu/Library/Developer/Xcode/DerivedData/MovieBox-clhiigenqkkfoleuoryfnsgmylbs/SourcePackages/checkouts/realm-core/src/external/IntelRDFPMathLib20U2/LIBRARY/src -Xcc -I/Users/shindonggyu/Library/Developer/Xcode/DerivedData/MovieBox-clhiigenqkkfoleuoryfnsgmylbs/SourcePackages/checkouts/realm-core/src/spm -Xcc -I/Users/shindonggyu/Library/Developer/Xcode/DerivedData/MovieBox-clhiigenqkkfoleuoryfnsgmylbs/SourcePackages/checkouts/realm-swift/include -Xcc -I/Users/shindonggyu/Library/Developer/Xcode/DerivedData/MovieBox-clhiigenqkkfoleuoryfnsgmylbs/Build/Products/Debug-iphoneos/include -Xcc -I/Users/shindonggyu/Library/Developer/Xcode/DerivedData/MovieBox-clhiigenqkkfoleuoryfnsgmylbs/Build/Intermediates.noindex/MovieBox.build/Debug-iphoneos/MovieBox.build/DerivedSources-normal/arm64 -Xcc -I/Users/shindonggyu/Library/Developer/Xcode/DerivedData/MovieBox-clhiigenqkkfoleuoryfnsgmylbs/Build/Intermediates.noindex/MovieBox.build/Debug-iphoneos/MovieBox.build/DerivedSources/arm64 -Xcc -I/Users/shindonggyu/Library/Developer/Xcode/DerivedData/MovieBox-clhiigenqkkfoleuoryfnsgmylbs/Build/Intermediates.noindex/MovieBox.build/Debug-iphoneos/MovieBox.build/DerivedSources -Xcc -DDEBUG\=1 -emit-objc-header -emit-objc-header-path /Users/shindonggyu/Library/Developer/Xcode/DerivedData/MovieBox-clhiigenqkkfoleuoryfnsgmylbs/Build/Intermediates.noindex/MovieBox.build/Debug-iphoneos/MovieBox.build/Objects-normal/arm64/MovieBox-Swift.h -working-directory /Users/shindonggyu/Documents/MovieBox/MovieBox -experimental-emit-module-separately -disable-cmo

ProcessInfoPlistFile /Users/shindonggyu/Library/Developer/Xcode/DerivedData/MovieBox-clhiigenqkkfoleuoryfnsgmylbs/Build/Products/Debug-iphoneos/PackageFrameworks/RealmSwift.framework/Info.plist /Users/shindonggyu/Library/Developer/Xcode/DerivedData/MovieBox-clhiigenqkkfoleuoryfnsgmylbs/Build/Intermediates.noindex/Realm.build/Debug-iphoneos/RealmSwift\ product.build/empty-RealmSwift.plist (in target 'RealmSwift' from project 'Realm')
    cd /Users/shindonggyu/Library/Developer/Xcode/DerivedData/MovieBox-clhiigenqkkfoleuoryfnsgmylbs/SourcePackages/checkouts/realm-swift
    builtin-infoPlistUtility /Users/shindonggyu/Library/Developer/Xcode/DerivedData/MovieBox-clhiigenqkkfoleuoryfnsgmylbs/Build/Intermediates.noindex/Realm.build/Debug-iphoneos/RealmSwift\ product.build/empty-RealmSwift.plist -producttype com.apple.product-type.framework -expandbuildsettings -format binary -platform iphoneos -requiredArchitecture arm64 -o /Users/shindonggyu/Library/Developer/Xcode/DerivedData/MovieBox-clhiigenqkkfoleuoryfnsgmylbs/Build/Products/Debug-iphoneos/PackageFrameworks/RealmSwift.framework/Info.plist

SwiftEmitModule normal arm64 Emitting\ module\ for\ MovieBox (in target 'MovieBox' from project 'MovieBox')

EmitSwiftModule normal arm64 (in target 'MovieBox' from project 'MovieBox')
    cd /Users/shindonggyu/Documents/MovieBox/MovieBox
    
/Users/shindonggyu/Documents/MovieBox/MovieBox/MovieBox/Sources/Presentation/Components/NavigationController/UINavigationController+Extension.swift:10:1: warning: extension declares a conformance of imported type 'UINavigationController' to imported protocols 'ObservableObject', 'UIGestureRecognizerDelegate'; this will not behave correctly if the owners of 'UIKit' introduce this conformance in the future
extension UINavigationController: ObservableObject, UIGestureRecognizerDelegate {
^
/Users/shindonggyu/Documents/MovieBox/MovieBox/MovieBox/Sources/Presentation/Components/NavigationController/UINavigationController+Extension.swift:10:1: note: add '@retroactive' to silence this warning
extension UINavigationController: ObservableObject, UIGestureRecognizerDelegate {
^                                 ~~~~~~~~~~~~~~~~  ~~~~~~~~~~~~~~~~~~~~~~~~~~~
                                  @retroactive ObservableObject @retroactive UIGestureRecognizerDelegate

SwiftCompile normal arm64 Compiling\ DIContainer+Extension.swift /Users/shindonggyu/Documents/MovieBox/MovieBox/MovieBox/Sources/App/DIContainer+Extension.swift (in target 'MovieBox' from project 'MovieBox')

SwiftCompile normal arm64 /Users/shindonggyu/Documents/MovieBox/MovieBox/MovieBox/Sources/App/DIContainer+Extension.swift (in target 'MovieBox' from project 'MovieBox')
    cd /Users/shindonggyu/Documents/MovieBox/MovieBox
    

SwiftCompile normal arm64 Compiling\ DIContainer.swift /Users/shindonggyu/Documents/MovieBox/MovieBox/MovieBox/Sources/Utils/DI/DIContainer.swift (in target 'MovieBox' from project 'MovieBox')

SwiftCompile normal arm64 /Users/shindonggyu/Documents/MovieBox/MovieBox/MovieBox/Sources/Utils/DI/DIContainer.swift (in target 'MovieBox' from project 'MovieBox')
    cd /Users/shindonggyu/Documents/MovieBox/MovieBox
    

SwiftCompile normal arm64 Compiling\ MovieBoxApp.swift /Users/shindonggyu/Documents/MovieBox/MovieBox/MovieBox/Sources/App/MovieBoxApp.swift (in target 'MovieBox' from project 'MovieBox')

SwiftCompile normal arm64 /Users/shindonggyu/Documents/MovieBox/MovieBox/MovieBox/Sources/App/MovieBoxApp.swift (in target 'MovieBox' from project 'MovieBox')
    cd /Users/shindonggyu/Documents/MovieBox/MovieBox
    

SwiftDriverJobDiscovery normal arm64 Compiling DIContainer.swift (in target 'MovieBox' from project 'MovieBox')

SwiftCompile normal arm64 Compiling\ MovieBoxView.swift,\ MovieContentViewModel.swift /Users/shindonggyu/Documents/MovieBox/MovieBox/MovieBox/Sources/Presentation/Screens/MovieBoxScreen/View/MovieBoxView.swift /Users/shindonggyu/Documents/MovieBox/MovieBox/MovieBox/Sources/Presentation/Screens/MovieContentScreen/ViewModel/MovieContentViewModel.swift (in target 'MovieBox' from project 'MovieBox')
SwiftCompile normal arm64 /Users/shindonggyu/Documents/MovieBox/MovieBox/MovieBox/Sources/Presentation/Screens/MovieBoxScreen/View/MovieBoxView.swift (in target 'MovieBox' from project 'MovieBox')
    cd /Users/shindonggyu/Documents/MovieBox/MovieBox
    

SwiftCompile normal arm64 /Users/shindonggyu/Documents/MovieBox/MovieBox/MovieBox/Sources/Presentation/Screens/MovieContentScreen/ViewModel/MovieContentViewModel.swift (in target 'MovieBox' from project 'MovieBox')
    cd /Users/shindonggyu/Documents/MovieBox/MovieBox
    
/Users/shindonggyu/Documents/MovieBox/MovieBox/MovieBox/Sources/Presentation/Screens/MovieContentScreen/ViewModel/MovieContentViewModel.swift:47:13: warning: capture of 'self' with non-Sendable type 'MovieContentViewModel?' in a '@Sendable' closure
            self?.output.showActivityIndicator = false
            ^
/Users/shindonggyu/Documents/MovieBox/MovieBox/MovieBox/Sources/Presentation/Screens/MovieContentScreen/ViewModel/MovieContentViewModel.swift:11:13: note: class 'MovieContentViewModel' does not conform to the 'Sendable' protocol
final class MovieContentViewModel: ViewModel {
            ^

SwiftCompile normal arm64 Compiling\ MakeMovieCardViewModel.swift,\ SettingView.swift /Users/shindonggyu/Documents/MovieBox/MovieBox/MovieBox/Sources/Presentation/Screens/MovieContentScreen/ViewModel/MakeMovieCardViewModel.swift /Users/shindonggyu/Documents/MovieBox/MovieBox/MovieBox/Sources/Presentation/Screens/SettingScreen/SettingView.swift (in target 'MovieBox' from project 'MovieBox')

SwiftCompile normal arm64 /Users/shindonggyu/Documents/MovieBox/MovieBox/MovieBox/Sources/Presentation/Screens/MovieContentScreen/ViewModel/MakeMovieCardViewModel.swift (in target 'MovieBox' from project 'MovieBox')
    cd /Users/shindonggyu/Documents/MovieBox/MovieBox
    

SwiftCompile normal arm64 /Users/shindonggyu/Documents/MovieBox/MovieBox/MovieBox/Sources/Presentation/Screens/SettingScreen/SettingView.swift (in target 'MovieBox' from project 'MovieBox')
    cd /Users/shindonggyu/Documents/MovieBox/MovieBox
    

SwiftCompile normal arm64 Compiling\ MovieCardBackView.swift /Users/shindonggyu/Documents/MovieBox/MovieBox/MovieBox/Sources/Presentation/Components/MoiveCardView/MovieCardBackView.swift (in target 'MovieBox' from project 'MovieBox')

SwiftCompile normal arm64 /Users/shindonggyu/Documents/MovieBox/MovieBox/MovieBox/Sources/Presentation/Components/MoiveCardView/MovieCardBackView.swift (in target 'MovieBox' from project 'MovieBox')
    cd /Users/shindonggyu/Documents/MovieBox/MovieBox
    

SwiftCompile normal arm64 Compiling\ CustomTabView.swift /Users/shindonggyu/Documents/MovieBox/MovieBox/MovieBox/Sources/Presentation/Components/TabView/CustomTabView.swift (in target 'MovieBox' from project 'MovieBox')

SwiftCompile normal arm64 /Users/shindonggyu/Documents/MovieBox/MovieBox/MovieBox/Sources/Presentation/Components/TabView/CustomTabView.swift (in target 'MovieBox' from project 'MovieBox')
    cd /Users/shindonggyu/Documents/MovieBox/MovieBox
    

SwiftCompile normal arm64 Compiling\ MovieListViewModel.swift,\ MakeMovieCardView.swift /Users/shindonggyu/Documents/MovieBox/MovieBox/MovieBox/Sources/Presentation/Screens/MovieListScreen/ViewModel/MovieListViewModel.swift /Users/shindonggyu/Documents/MovieBox/MovieBox/MovieBox/Sources/Presentation/Screens/MovieContentScreen/View/MakeMovieCardView.swift (in target 'MovieBox' from project 'MovieBox')

SwiftCompile normal arm64 /Users/shindonggyu/Documents/MovieBox/MovieBox/MovieBox/Sources/Presentation/Screens/MovieListScreen/ViewModel/MovieListViewModel.swift (in target 'MovieBox' from project 'MovieBox')
    cd /Users/shindonggyu/Documents/MovieBox/MovieBox
    
/Users/shindonggyu/Documents/MovieBox/MovieBox/MovieBox/Sources/Presentation/Screens/MovieListScreen/ViewModel/MovieListViewModel.swift:88:17: warning: capture of 'self' with non-Sendable type 'MovieListViewModel?' in a '@Sendable' closure
                self?.output.weeklyTrendMovieList = data.movieList
                ^
/Users/shindonggyu/Documents/MovieBox/MovieBox/MovieBox/Sources/Presentation/Screens/MovieListScreen/ViewModel/MovieListViewModel.swift:11:13: note: class 'MovieListViewModel' does not conform to the 'Sendable' protocol
final class MovieListViewModel: ViewModel {
            ^
/Users/shindonggyu/Documents/MovieBox/MovieBox/MovieBox/Sources/Presentation/Screens/MovieListScreen/ViewModel/MovieListViewModel.swift:104:21: warning: capture of 'self' with non-Sendable type 'MovieListViewModel?' in a '@Sendable' closure
                    self?.output.searchResults += data.results
                    ^
/Users/shindonggyu/Documents/MovieBox/MovieBox/MovieBox/Sources/Presentation/Screens/MovieListScreen/ViewModel/MovieListViewModel.swift:11:13: note: class 'MovieListViewModel' does not conform to the 'Sendable' protocol
final class MovieListViewModel: ViewModel {
            ^

SwiftCompile normal arm64 /Users/shindonggyu/Documents/MovieBox/MovieBox/MovieBox/Sources/Presentation/Screens/MovieContentScreen/View/MakeMovieCardView.swift (in target 'MovieBox' from project 'MovieBox')
    cd /Users/shindonggyu/Documents/MovieBox/MovieBox
    

SwiftCompile normal arm64 Compiling\ ExpandableSearchBar.swift,\ MovieBoxViewModel.swift /Users/shindonggyu/Documents/MovieBox/MovieBox/MovieBox/Sources/Presentation/Screens/MovieListScreen/View/ExpandableSearchBar.swift /Users/shindonggyu/Documents/MovieBox/MovieBox/MovieBox/Sources/Presentation/Screens/MovieBoxScreen/ViewModel/MovieBoxViewModel.swift (in target 'MovieBox' from project 'MovieBox')

SwiftCompile normal arm64 /Users/shindonggyu/Documents/MovieBox/MovieBox/MovieBox/Sources/Presentation/Screens/MovieListScreen/View/ExpandableSearchBar.swift (in target 'MovieBox' from project 'MovieBox')
    cd /Users/shindonggyu/Documents/MovieBox/MovieBox
    

SwiftCompile normal arm64 /Users/shindonggyu/Documents/MovieBox/MovieBox/MovieBox/Sources/Presentation/Screens/MovieBoxScreen/ViewModel/MovieBoxViewModel.swift (in target 'MovieBox' from project 'MovieBox')
    cd /Users/shindonggyu/Documents/MovieBox/MovieBox
    

SwiftCompile normal arm64 Compiling\ KFAsyncImageView.swift,\ MovieListView.swift /Users/shindonggyu/Documents/MovieBox/MovieBox/MovieBox/Sources/Presentation/Components/ImageViews/KFAsyncImageView.swift /Users/shindonggyu/Documents/MovieBox/MovieBox/MovieBox/Sources/Presentation/Screens/MovieListScreen/View/MovieListView.swift (in target 'MovieBox' from project 'MovieBox')
SwiftCompile normal arm64 /Users/shindonggyu/Documents/MovieBox/MovieBox/MovieBox/Sources/Presentation/Components/ImageViews/KFAsyncImageView.swift (in target 'MovieBox' from project 'MovieBox')
    cd /Users/shindonggyu/Documents/MovieBox/MovieBox
    

SwiftCompile normal arm64 /Users/shindonggyu/Documents/MovieBox/MovieBox/MovieBox/Sources/Presentation/Screens/MovieListScreen/View/MovieListView.swift (in target 'MovieBox' from project 'MovieBox')
    cd /Users/shindonggyu/Documents/MovieBox/MovieBox
    

SwiftCompile normal arm64 Compiling\ MovieCardFrontView.swift /Users/shindonggyu/Documents/MovieBox/MovieBox/MovieBox/Sources/Presentation/Components/MoiveCardView/MovieCardFrontView.swift (in target 'MovieBox' from project 'MovieBox')

SwiftCompile normal arm64 /Users/shindonggyu/Documents/MovieBox/MovieBox/MovieBox/Sources/Presentation/Components/MoiveCardView/MovieCardFrontView.swift (in target 'MovieBox' from project 'MovieBox')
    cd /Users/shindonggyu/Documents/MovieBox/MovieBox
    

SwiftCompile normal arm64 Compiling\ ImagePlaceholderView.swift /Users/shindonggyu/Documents/MovieBox/MovieBox/MovieBox/Sources/Presentation/Components/ImageViews/ImagePlaceholderView.swift (in target 'MovieBox' from project 'MovieBox')

SwiftCompile normal arm64 /Users/shindonggyu/Documents/MovieBox/MovieBox/MovieBox/Sources/Presentation/Components/ImageViews/ImagePlaceholderView.swift (in target 'MovieBox' from project 'MovieBox')
    cd /Users/shindonggyu/Documents/MovieBox/MovieBox
    

SwiftDriverJobDiscovery normal arm64 Compiling DIContainer+Extension.swift (in target 'MovieBox' from project 'MovieBox')

SwiftCompile normal arm64 Compiling\ MovieContentView.swift /Users/shindonggyu/Documents/MovieBox/MovieBox/MovieBox/Sources/Presentation/Screens/MovieContentScreen/View/MovieContentView.swift (in target 'MovieBox' from project 'MovieBox')
SwiftCompile normal arm64 /Users/shindonggyu/Documents/MovieBox/MovieBox/MovieBox/Sources/Presentation/Screens/MovieContentScreen/View/MovieContentView.swift (in target 'MovieBox' from project 'MovieBox')
    cd /Users/shindonggyu/Documents/MovieBox/MovieBox
    

SwiftDriverJobDiscovery normal arm64 Compiling MovieBoxApp.swift (in target 'MovieBox' from project 'MovieBox')

SwiftCompile normal arm64 Compiling\ ActitivyIndicatorView.swift /Users/shindonggyu/Documents/MovieBox/MovieBox/MovieBox/Sources/Presentation/Components/ActivityIndicator/ActitivyIndicatorView.swift (in target 'MovieBox' from project 'MovieBox')

SwiftCompile normal arm64 /Users/shindonggyu/Documents/MovieBox/MovieBox/MovieBox/Sources/Presentation/Components/ActivityIndicator/ActitivyIndicatorView.swift (in target 'MovieBox' from project 'MovieBox')
    cd /Users/shindonggyu/Documents/MovieBox/MovieBox
    

SwiftDriverJobDiscovery normal arm64 Compiling ImagePlaceholderView.swift (in target 'MovieBox' from project 'MovieBox')

SwiftDriverJobDiscovery normal arm64 Compiling CustomTabView.swift (in target 'MovieBox' from project 'MovieBox')

SwiftDriverJobDiscovery normal arm64 Emitting module for MovieBox (in target 'MovieBox' from project 'MovieBox')

SwiftDriver\ Compilation\ Requirements MovieBox normal arm64 com.apple.xcode.tools.swift.compiler (in target 'MovieBox' from project 'MovieBox')
    cd /Users/shindonggyu/Documents/MovieBox/MovieBox
    builtin-Swift-Compilation-Requirements -- /Applications/Xcode-26.0.1.app/Contents/Developer/Toolchains/XcodeDefault.xctoolchain/usr/bin/swiftc -module-name MovieBox -Onone -enforce-exclusivity\=checked @/Users/shindonggyu/Library/Developer/Xcode/DerivedData/MovieBox-clhiigenqkkfoleuoryfnsgmylbs/Build/Intermediates.noindex/MovieBox.build/Debug-iphoneos/MovieBox.build/Objects-normal/arm64/MovieBox.SwiftFileList -DDEBUG -Xcc -fmodule-map-file\=/Users/shindonggyu/Library/Developer/Xcode/DerivedData/MovieBox-clhiigenqkkfoleuoryfnsgmylbs/Build/Intermediates.noindex/GeneratedModuleMaps-iphoneos/s2geometry.modulemap -Xcc -fmodule-map-file\=/Users/shindonggyu/Library/Developer/Xcode/DerivedData/MovieBox-clhiigenqkkfoleuoryfnsgmylbs/Build/Intermediates.noindex/GeneratedModuleMaps-iphoneos/Bid.modulemap -Xcc -fmodule-map-file\=/Users/shindonggyu/Library/Developer/Xcode/DerivedData/MovieBox-clhiigenqkkfoleuoryfnsgmylbs/Build/Intermediates.noindex/GeneratedModuleMaps-iphoneos/RealmCoreResources.modulemap -enable-bare-slash-regex -enable-experimental-feature DebugDescriptionMacro -sdk /Applications/Xcode-26.0.1.app/Contents/Developer/Platforms/iPhoneOS.platform/Developer/SDKs/iPhoneOS26.0.sdk -target arm64-apple-ios16.0 -g -module-cache-path /Users/shindonggyu/Library/Developer/Xcode/DerivedData/ModuleCache.noindex -Xfrontend -serialize-debugging-options -enable-testing -index-store-path /Users/shindonggyu/Library/Developer/Xcode/DerivedData/MovieBox-clhiigenqkkfoleuoryfnsgmylbs/Index.noindex/DataStore -Xcc -D_LIBCPP_HARDENING_MODE\=_LIBCPP_HARDENING_MODE_DEBUG -swift-version 5 -I /Users/shindonggyu/Library/Developer/Xcode/DerivedData/MovieBox-clhiigenqkkfoleuoryfnsgmylbs/Build/Products/Debug-iphoneos -F /Users/shindonggyu/Library/Developer/Xcode/DerivedData/MovieBox-clhiigenqkkfoleuoryfnsgmylbs/Build/Products/Debug-iphoneos/PackageFrameworks -F /Users/shindonggyu/Library/Developer/Xcode/DerivedData/MovieBox-clhiigenqkkfoleuoryfnsgmylbs/Build/Products/Debug-iphoneos/PackageFrameworks -F /Users/shindonggyu/Library/Developer/Xcode/DerivedData/MovieBox-clhiigenqkkfoleuoryfnsgmylbs/Build/Products/Debug-iphoneos/PackageFrameworks -F /Users/shindonggyu/Library/Developer/Xcode/DerivedData/MovieBox-clhiigenqkkfoleuoryfnsgmylbs/Build/Products/Debug-iphoneos/PackageFrameworks -F /Users/shindonggyu/Library/Developer/Xcode/DerivedData/MovieBox-clhiigenqkkfoleuoryfnsgmylbs/Build/Products/Debug-iphoneos/PackageFrameworks -F /Users/shindonggyu/Library/Developer/Xcode/DerivedData/MovieBox-clhiigenqkkfoleuoryfnsgmylbs/Build/Products/Debug-iphoneos/PackageFrameworks -F /Users/shindonggyu/Library/Developer/Xcode/DerivedData/MovieBox-clhiigenqkkfoleuoryfnsgmylbs/Build/Products/Debug-iphoneos/PackageFrameworks -F /Users/shindonggyu/Library/Developer/Xcode/DerivedData/MovieBox-clhiigenqkkfoleuoryfnsgmylbs/Build/Products/Debug-iphoneos/PackageFrameworks -F /Users/shindonggyu/Library/Developer/Xcode/DerivedData/MovieBox-clhiigenqkkfoleuoryfnsgmylbs/Build/Products/Debug-iphoneos/PackageFrameworks -F /Users/shindonggyu/Library/Developer/Xcode/DerivedData/MovieBox-clhiigenqkkfoleuoryfnsgmylbs/Build/Products/Debug-iphoneos/PackageFrameworks -F /Users/shindonggyu/Library/Developer/Xcode/DerivedData/MovieBox-clhiigenqkkfoleuoryfnsgmylbs/Build/Products/Debug-iphoneos/PackageFrameworks -F /Users/shindonggyu/Library/Developer/Xcode/DerivedData/MovieBox-clhiigenqkkfoleuoryfnsgmylbs/Build/Products/Debug-iphoneos/PackageFrameworks -F /Users/shindonggyu/Library/Developer/Xcode/DerivedData/MovieBox-clhiigenqkkfoleuoryfnsgmylbs/Build/Products/Debug-iphoneos/PackageFrameworks -F /Users/shindonggyu/Library/Developer/Xcode/DerivedData/MovieBox-clhiigenqkkfoleuoryfnsgmylbs/Build/Products/Debug-iphoneos/PackageFrameworks -F /Users/shindonggyu/Library/Developer/Xcode/DerivedData/MovieBox-clhiigenqkkfoleuoryfnsgmylbs/Build/Products/Debug-iphoneos/PackageFrameworks -F /Users/shindonggyu/Library/Developer/Xcode/DerivedData/MovieBox-clhiigenqkkfoleuoryfnsgmylbs/Build/Products/Debug-iphoneos/PackageFrameworks -F /Users/shindonggyu/Library/Developer/Xcode/DerivedData/MovieBox-clhiigenqkkfoleuoryfnsgmylbs/Build/Products/Debug-iphoneos -emit-localized-strings -emit-localized-strings-path /Users/shindonggyu/Library/Developer/Xcode/DerivedData/MovieBox-clhiigenqkkfoleuoryfnsgmylbs/Build/Intermediates.noindex/MovieBox.build/Debug-iphoneos/MovieBox.build/Objects-normal/arm64 -c -j11 -enable-batch-mode -incremental -Xcc -ivfsstatcache -Xcc /Users/shindonggyu/Library/Developer/Xcode/DerivedData/SDKStatCaches.noindex/iphoneos26.0-23A339-0f53b02c8474e8e9b7a75290ef5106fd.sdkstatcache -output-file-map /Users/shindonggyu/Library/Developer/Xcode/DerivedData/MovieBox-clhiigenqkkfoleuoryfnsgmylbs/Build/Intermediates.noindex/MovieBox.build/Debug-iphoneos/MovieBox.build/Objects-normal/arm64/MovieBox-OutputFileMap.json -use-frontend-parseable-output -save-temps -no-color-diagnostics -explicit-module-build -module-cache-path /Users/shindonggyu/Library/Developer/Xcode/DerivedData/MovieBox-clhiigenqkkfoleuoryfnsgmylbs/Build/Intermediates.noindex/SwiftExplicitPrecompiledModules -clang-scanner-module-cache-path /Users/shindonggyu/Library/Developer/Xcode/DerivedData/ModuleCache.noindex -sdk-module-cache-path /Users/shindonggyu/Library/Developer/Xcode/DerivedData/ModuleCache.noindex -serialize-diagnostics -emit-dependencies -emit-module -emit-module-path /Users/shindonggyu/Library/Developer/Xcode/DerivedData/MovieBox-clhiigenqkkfoleuoryfnsgmylbs/Build/Intermediates.noindex/MovieBox.build/Debug-iphoneos/MovieBox.build/Objects-normal/arm64/MovieBox.swiftmodule -validate-clang-modules-once -clang-build-session-file /Users/shindonggyu/Library/Developer/Xcode/DerivedData/ModuleCache.noindex/Session.modulevalidation -Xcc -I/Users/shindonggyu/Library/Developer/Xcode/DerivedData/MovieBox-clhiigenqkkfoleuoryfnsgmylbs/Build/Intermediates.noindex/MovieBox.build/Debug-iphoneos/MovieBox.build/swift-overrides.hmap -emit-const-values -Xfrontend -const-gather-protocols-file -Xfrontend /Users/shindonggyu/Library/Developer/Xcode/DerivedData/MovieBox-clhiigenqkkfoleuoryfnsgmylbs/Build/Intermediates.noindex/MovieBox.build/Debug-iphoneos/MovieBox.build/Objects-normal/arm64/MovieBox_const_extract_protocols.json -Xcc -iquote -Xcc /Users/shindonggyu/Library/Developer/Xcode/DerivedData/MovieBox-clhiigenqkkfoleuoryfnsgmylbs/Build/Intermediates.noindex/MovieBox.build/Debug-iphoneos/MovieBox.build/MovieBox-generated-files.hmap -Xcc -I/Users/shindonggyu/Library/Developer/Xcode/DerivedData/MovieBox-clhiigenqkkfoleuoryfnsgmylbs/Build/Intermediates.noindex/MovieBox.build/Debug-iphoneos/MovieBox.build/MovieBox-own-target-headers.hmap -Xcc -I/Users/shindonggyu/Library/Developer/Xcode/DerivedData/MovieBox-clhiigenqkkfoleuoryfnsgmylbs/Build/Intermediates.noindex/MovieBox.build/Debug-iphoneos/MovieBox.build/MovieBox-all-non-framework-target-headers.hmap -Xcc -ivfsoverlay -Xcc /Users/shindonggyu/Library/Developer/Xcode/DerivedData/MovieBox-clhiigenqkkfoleuoryfnsgmylbs/Build/Intermediates.noindex/MovieBox.build/Debug-iphoneos/MovieBox-ec7136523e9c81e19215baf68bd9eccd-VFS-iphoneos/all-product-headers.yaml -Xcc -iquote -Xcc /Users/shindonggyu/Library/Developer/Xcode/DerivedData/MovieBox-clhiigenqkkfoleuoryfnsgmylbs/Build/Intermediates.noindex/MovieBox.build/Debug-iphoneos/MovieBox.build/MovieBox-project-headers.hmap -Xcc -I/Users/shindonggyu/Library/Developer/Xcode/DerivedData/MovieBox-clhiigenqkkfoleuoryfnsgmylbs/SourcePackages/checkouts/realm-core/src -Xcc -I/Users/shindonggyu/Library/Developer/Xcode/DerivedData/MovieBox-clhiigenqkkfoleuoryfnsgmylbs/SourcePackages/checkouts/realm-core/src/external/s2 -Xcc -I/Users/shindonggyu/Library/Developer/Xcode/DerivedData/MovieBox-clhiigenqkkfoleuoryfnsgmylbs/SourcePackages/checkouts/realm-core/src/external/IntelRDFPMathLib20U2/LIBRARY/src -Xcc -I/Users/shindonggyu/Library/Developer/Xcode/DerivedData/MovieBox-clhiigenqkkfoleuoryfnsgmylbs/SourcePackages/checkouts/realm-core/src/spm -Xcc -I/Users/shindonggyu/Library/Developer/Xcode/DerivedData/MovieBox-clhiigenqkkfoleuoryfnsgmylbs/SourcePackages/checkouts/realm-swift/include -Xcc -I/Users/shindonggyu/Library/Developer/Xcode/DerivedData/MovieBox-clhiigenqkkfoleuoryfnsgmylbs/Build/Products/Debug-iphoneos/include -Xcc -I/Users/shindonggyu/Library/Developer/Xcode/DerivedData/MovieBox-clhiigenqkkfoleuoryfnsgmylbs/Build/Intermediates.noindex/MovieBox.build/Debug-iphoneos/MovieBox.build/DerivedSources-normal/arm64 -Xcc -I/Users/shindonggyu/Library/Developer/Xcode/DerivedData/MovieBox-clhiigenqkkfoleuoryfnsgmylbs/Build/Intermediates.noindex/MovieBox.build/Debug-iphoneos/MovieBox.build/DerivedSources/arm64 -Xcc -I/Users/shindonggyu/Library/Developer/Xcode/DerivedData/MovieBox-clhiigenqkkfoleuoryfnsgmylbs/Build/Intermediates.noindex/MovieBox.build/Debug-iphoneos/MovieBox.build/DerivedSources -Xcc -DDEBUG\=1 -emit-objc-header -emit-objc-header-path /Users/shindonggyu/Library/Developer/Xcode/DerivedData/MovieBox-clhiigenqkkfoleuoryfnsgmylbs/Build/Intermediates.noindex/MovieBox.build/Debug-iphoneos/MovieBox.build/Objects-normal/arm64/MovieBox-Swift.h -working-directory /Users/shindonggyu/Documents/MovieBox/MovieBox -experimental-emit-module-separately -disable-cmo

SwiftDriverJobDiscovery normal arm64 Compiling MovieCardBackView.swift (in target 'MovieBox' from project 'MovieBox')

Copy /Users/shindonggyu/Library/Developer/Xcode/DerivedData/MovieBox-clhiigenqkkfoleuoryfnsgmylbs/Build/Products/Debug-iphoneos/MovieBox.swiftmodule/Project/arm64-apple-ios.swiftsourceinfo /Users/shindonggyu/Library/Developer/Xcode/DerivedData/MovieBox-clhiigenqkkfoleuoryfnsgmylbs/Build/Intermediates.noindex/MovieBox.build/Debug-iphoneos/MovieBox.build/Objects-normal/arm64/MovieBox.swiftsourceinfo (in target 'MovieBox' from project 'MovieBox')
    cd /Users/shindonggyu/Documents/MovieBox/MovieBox
    builtin-copy -exclude .DS_Store -exclude CVS -exclude .svn -exclude .git -exclude .hg -resolve-src-symlinks -rename /Users/shindonggyu/Library/Developer/Xcode/DerivedData/MovieBox-clhiigenqkkfoleuoryfnsgmylbs/Build/Intermediates.noindex/MovieBox.build/Debug-iphoneos/MovieBox.build/Objects-normal/arm64/MovieBox.swiftsourceinfo /Users/shindonggyu/Library/Developer/Xcode/DerivedData/MovieBox-clhiigenqkkfoleuoryfnsgmylbs/Build/Products/Debug-iphoneos/MovieBox.swiftmodule/Project/arm64-apple-ios.swiftsourceinfo

Copy /Users/shindonggyu/Library/Developer/Xcode/DerivedData/MovieBox-clhiigenqkkfoleuoryfnsgmylbs/Build/Products/Debug-iphoneos/MovieBox.swiftmodule/arm64-apple-ios.abi.json /Users/shindonggyu/Library/Developer/Xcode/DerivedData/MovieBox-clhiigenqkkfoleuoryfnsgmylbs/Build/Intermediates.noindex/MovieBox.build/Debug-iphoneos/MovieBox.build/Objects-normal/arm64/MovieBox.abi.json (in target 'MovieBox' from project 'MovieBox')
    cd /Users/shindonggyu/Documents/MovieBox/MovieBox
    builtin-copy -exclude .DS_Store -exclude CVS -exclude .svn -exclude .git -exclude .hg -resolve-src-symlinks -rename /Users/shindonggyu/Library/Developer/Xcode/DerivedData/MovieBox-clhiigenqkkfoleuoryfnsgmylbs/Build/Intermediates.noindex/MovieBox.build/Debug-iphoneos/MovieBox.build/Objects-normal/arm64/MovieBox.abi.json /Users/shindonggyu/Library/Developer/Xcode/DerivedData/MovieBox-clhiigenqkkfoleuoryfnsgmylbs/Build/Products/Debug-iphoneos/MovieBox.swiftmodule/arm64-apple-ios.abi.json

Copy /Users/shindonggyu/Library/Developer/Xcode/DerivedData/MovieBox-clhiigenqkkfoleuoryfnsgmylbs/Build/Products/Debug-iphoneos/MovieBox.swiftmodule/arm64-apple-ios.swiftmodule /Users/shindonggyu/Library/Developer/Xcode/DerivedData/MovieBox-clhiigenqkkfoleuoryfnsgmylbs/Build/Intermediates.noindex/MovieBox.build/Debug-iphoneos/MovieBox.build/Objects-normal/arm64/MovieBox.swiftmodule (in target 'MovieBox' from project 'MovieBox')
    cd /Users/shindonggyu/Documents/MovieBox/MovieBox
    builtin-copy -exclude .DS_Store -exclude CVS -exclude .svn -exclude .git -exclude .hg -resolve-src-symlinks -rename /Users/shindonggyu/Library/Developer/Xcode/DerivedData/MovieBox-clhiigenqkkfoleuoryfnsgmylbs/Build/Intermediates.noindex/MovieBox.build/Debug-iphoneos/MovieBox.build/Objects-normal/arm64/MovieBox.swiftmodule /Users/shindonggyu/Library/Developer/Xcode/DerivedData/MovieBox-clhiigenqkkfoleuoryfnsgmylbs/Build/Products/Debug-iphoneos/MovieBox.swiftmodule/arm64-apple-ios.swiftmodule

SwiftDriverJobDiscovery normal arm64 Compiling MovieCardFrontView.swift (in target 'MovieBox' from project 'MovieBox')

SwiftDriverJobDiscovery normal arm64 Compiling ExpandableSearchBar.swift, MovieBoxViewModel.swift (in target 'MovieBox' from project 'MovieBox')

SwiftDriverJobDiscovery normal arm64 Compiling MakeMovieCardViewModel.swift, SettingView.swift (in target 'MovieBox' from project 'MovieBox')

SwiftDriverJobDiscovery normal arm64 Compiling ActitivyIndicatorView.swift (in target 'MovieBox' from project 'MovieBox')

SwiftDriverJobDiscovery normal arm64 Compiling MovieListViewModel.swift, MakeMovieCardView.swift (in target 'MovieBox' from project 'MovieBox')

SwiftDriverJobDiscovery normal arm64 Compiling MovieBoxView.swift, MovieContentViewModel.swift (in target 'MovieBox' from project 'MovieBox')

SwiftDriverJobDiscovery normal arm64 Compiling KFAsyncImageView.swift, MovieListView.swift (in target 'MovieBox' from project 'MovieBox')

SwiftDriverJobDiscovery normal arm64 Compiling MovieContentView.swift (in target 'MovieBox' from project 'MovieBox')

SwiftDriver\ Compilation MovieBox normal arm64 com.apple.xcode.tools.swift.compiler (in target 'MovieBox' from project 'MovieBox')
    cd /Users/shindonggyu/Documents/MovieBox/MovieBox
    builtin-Swift-Compilation -- /Applications/Xcode-26.0.1.app/Contents/Developer/Toolchains/XcodeDefault.xctoolchain/usr/bin/swiftc -module-name MovieBox -Onone -enforce-exclusivity\=checked @/Users/shindonggyu/Library/Developer/Xcode/DerivedData/MovieBox-clhiigenqkkfoleuoryfnsgmylbs/Build/Intermediates.noindex/MovieBox.build/Debug-iphoneos/MovieBox.build/Objects-normal/arm64/MovieBox.SwiftFileList -DDEBUG -Xcc -fmodule-map-file\=/Users/shindonggyu/Library/Developer/Xcode/DerivedData/MovieBox-clhiigenqkkfoleuoryfnsgmylbs/Build/Intermediates.noindex/GeneratedModuleMaps-iphoneos/s2geometry.modulemap -Xcc -fmodule-map-file\=/Users/shindonggyu/Library/Developer/Xcode/DerivedData/MovieBox-clhiigenqkkfoleuoryfnsgmylbs/Build/Intermediates.noindex/GeneratedModuleMaps-iphoneos/Bid.modulemap -Xcc -fmodule-map-file\=/Users/shindonggyu/Library/Developer/Xcode/DerivedData/MovieBox-clhiigenqkkfoleuoryfnsgmylbs/Build/Intermediates.noindex/GeneratedModuleMaps-iphoneos/RealmCoreResources.modulemap -enable-bare-slash-regex -enable-experimental-feature DebugDescriptionMacro -sdk /Applications/Xcode-26.0.1.app/Contents/Developer/Platforms/iPhoneOS.platform/Developer/SDKs/iPhoneOS26.0.sdk -target arm64-apple-ios16.0 -g -module-cache-path /Users/shindonggyu/Library/Developer/Xcode/DerivedData/ModuleCache.noindex -Xfrontend -serialize-debugging-options -enable-testing -index-store-path /Users/shindonggyu/Library/Developer/Xcode/DerivedData/MovieBox-clhiigenqkkfoleuoryfnsgmylbs/Index.noindex/DataStore -Xcc -D_LIBCPP_HARDENING_MODE\=_LIBCPP_HARDENING_MODE_DEBUG -swift-version 5 -I /Users/shindonggyu/Library/Developer/Xcode/DerivedData/MovieBox-clhiigenqkkfoleuoryfnsgmylbs/Build/Products/Debug-iphoneos -F /Users/shindonggyu/Library/Developer/Xcode/DerivedData/MovieBox-clhiigenqkkfoleuoryfnsgmylbs/Build/Products/Debug-iphoneos/PackageFrameworks -F /Users/shindonggyu/Library/Developer/Xcode/DerivedData/MovieBox-clhiigenqkkfoleuoryfnsgmylbs/Build/Products/Debug-iphoneos/PackageFrameworks -F /Users/shindonggyu/Library/Developer/Xcode/DerivedData/MovieBox-clhiigenqkkfoleuoryfnsgmylbs/Build/Products/Debug-iphoneos/PackageFrameworks -F /Users/shindonggyu/Library/Developer/Xcode/DerivedData/MovieBox-clhiigenqkkfoleuoryfnsgmylbs/Build/Products/Debug-iphoneos/PackageFrameworks -F /Users/shindonggyu/Library/Developer/Xcode/DerivedData/MovieBox-clhiigenqkkfoleuoryfnsgmylbs/Build/Products/Debug-iphoneos/PackageFrameworks -F /Users/shindonggyu/Library/Developer/Xcode/DerivedData/MovieBox-clhiigenqkkfoleuoryfnsgmylbs/Build/Products/Debug-iphoneos/PackageFrameworks -F /Users/shindonggyu/Library/Developer/Xcode/DerivedData/MovieBox-clhiigenqkkfoleuoryfnsgmylbs/Build/Products/Debug-iphoneos/PackageFrameworks -F /Users/shindonggyu/Library/Developer/Xcode/DerivedData/MovieBox-clhiigenqkkfoleuoryfnsgmylbs/Build/Products/Debug-iphoneos/PackageFrameworks -F /Users/shindonggyu/Library/Developer/Xcode/DerivedData/MovieBox-clhiigenqkkfoleuoryfnsgmylbs/Build/Products/Debug-iphoneos/PackageFrameworks -F /Users/shindonggyu/Library/Developer/Xcode/DerivedData/MovieBox-clhiigenqkkfoleuoryfnsgmylbs/Build/Products/Debug-iphoneos/PackageFrameworks -F /Users/shindonggyu/Library/Developer/Xcode/DerivedData/MovieBox-clhiigenqkkfoleuoryfnsgmylbs/Build/Products/Debug-iphoneos/PackageFrameworks -F /Users/shindonggyu/Library/Developer/Xcode/DerivedData/MovieBox-clhiigenqkkfoleuoryfnsgmylbs/Build/Products/Debug-iphoneos/PackageFrameworks -F /Users/shindonggyu/Library/Developer/Xcode/DerivedData/MovieBox-clhiigenqkkfoleuoryfnsgmylbs/Build/Products/Debug-iphoneos/PackageFrameworks -F /Users/shindonggyu/Library/Developer/Xcode/DerivedData/MovieBox-clhiigenqkkfoleuoryfnsgmylbs/Build/Products/Debug-iphoneos/PackageFrameworks -F /Users/shindonggyu/Library/Developer/Xcode/DerivedData/MovieBox-clhiigenqkkfoleuoryfnsgmylbs/Build/Products/Debug-iphoneos/PackageFrameworks -F /Users/shindonggyu/Library/Developer/Xcode/DerivedData/MovieBox-clhiigenqkkfoleuoryfnsgmylbs/Build/Products/Debug-iphoneos/PackageFrameworks -F /Users/shindonggyu/Library/Developer/Xcode/DerivedData/MovieBox-clhiigenqkkfoleuoryfnsgmylbs/Build/Products/Debug-iphoneos -emit-localized-strings -emit-localized-strings-path /Users/shindonggyu/Library/Developer/Xcode/DerivedData/MovieBox-clhiigenqkkfoleuoryfnsgmylbs/Build/Intermediates.noindex/MovieBox.build/Debug-iphoneos/MovieBox.build/Objects-normal/arm64 -c -j11 -enable-batch-mode -incremental -Xcc -ivfsstatcache -Xcc /Users/shindonggyu/Library/Developer/Xcode/DerivedData/SDKStatCaches.noindex/iphoneos26.0-23A339-0f53b02c8474e8e9b7a75290ef5106fd.sdkstatcache -output-file-map /Users/shindonggyu/Library/Developer/Xcode/DerivedData/MovieBox-clhiigenqkkfoleuoryfnsgmylbs/Build/Intermediates.noindex/MovieBox.build/Debug-iphoneos/MovieBox.build/Objects-normal/arm64/MovieBox-OutputFileMap.json -use-frontend-parseable-output -save-temps -no-color-diagnostics -explicit-module-build -module-cache-path /Users/shindonggyu/Library/Developer/Xcode/DerivedData/MovieBox-clhiigenqkkfoleuoryfnsgmylbs/Build/Intermediates.noindex/SwiftExplicitPrecompiledModules -clang-scanner-module-cache-path /Users/shindonggyu/Library/Developer/Xcode/DerivedData/ModuleCache.noindex -sdk-module-cache-path /Users/shindonggyu/Library/Developer/Xcode/DerivedData/ModuleCache.noindex -serialize-diagnostics -emit-dependencies -emit-module -emit-module-path /Users/shindonggyu/Library/Developer/Xcode/DerivedData/MovieBox-clhiigenqkkfoleuoryfnsgmylbs/Build/Intermediates.noindex/MovieBox.build/Debug-iphoneos/MovieBox.build/Objects-normal/arm64/MovieBox.swiftmodule -validate-clang-modules-once -clang-build-session-file /Users/shindonggyu/Library/Developer/Xcode/DerivedData/ModuleCache.noindex/Session.modulevalidation -Xcc -I/Users/shindonggyu/Library/Developer/Xcode/DerivedData/MovieBox-clhiigenqkkfoleuoryfnsgmylbs/Build/Intermediates.noindex/MovieBox.build/Debug-iphoneos/MovieBox.build/swift-overrides.hmap -emit-const-values -Xfrontend -const-gather-protocols-file -Xfrontend /Users/shindonggyu/Library/Developer/Xcode/DerivedData/MovieBox-clhiigenqkkfoleuoryfnsgmylbs/Build/Intermediates.noindex/MovieBox.build/Debug-iphoneos/MovieBox.build/Objects-normal/arm64/MovieBox_const_extract_protocols.json -Xcc -iquote -Xcc /Users/shindonggyu/Library/Developer/Xcode/DerivedData/MovieBox-clhiigenqkkfoleuoryfnsgmylbs/Build/Intermediates.noindex/MovieBox.build/Debug-iphoneos/MovieBox.build/MovieBox-generated-files.hmap -Xcc -I/Users/shindonggyu/Library/Developer/Xcode/DerivedData/MovieBox-clhiigenqkkfoleuoryfnsgmylbs/Build/Intermediates.noindex/MovieBox.build/Debug-iphoneos/MovieBox.build/MovieBox-own-target-headers.hmap -Xcc -I/Users/shindonggyu/Library/Developer/Xcode/DerivedData/MovieBox-clhiigenqkkfoleuoryfnsgmylbs/Build/Intermediates.noindex/MovieBox.build/Debug-iphoneos/MovieBox.build/MovieBox-all-non-framework-target-headers.hmap -Xcc -ivfsoverlay -Xcc /Users/shindonggyu/Library/Developer/Xcode/DerivedData/MovieBox-clhiigenqkkfoleuoryfnsgmylbs/Build/Intermediates.noindex/MovieBox.build/Debug-iphoneos/MovieBox-ec7136523e9c81e19215baf68bd9eccd-VFS-iphoneos/all-product-headers.yaml -Xcc -iquote -Xcc /Users/shindonggyu/Library/Developer/Xcode/DerivedData/MovieBox-clhiigenqkkfoleuoryfnsgmylbs/Build/Intermediates.noindex/MovieBox.build/Debug-iphoneos/MovieBox.build/MovieBox-project-headers.hmap -Xcc -I/Users/shindonggyu/Library/Developer/Xcode/DerivedData/MovieBox-clhiigenqkkfoleuoryfnsgmylbs/SourcePackages/checkouts/realm-core/src -Xcc -I/Users/shindonggyu/Library/Developer/Xcode/DerivedData/MovieBox-clhiigenqkkfoleuoryfnsgmylbs/SourcePackages/checkouts/realm-core/src/external/s2 -Xcc -I/Users/shindonggyu/Library/Developer/Xcode/DerivedData/MovieBox-clhiigenqkkfoleuoryfnsgmylbs/SourcePackages/checkouts/realm-core/src/external/IntelRDFPMathLib20U2/LIBRARY/src -Xcc -I/Users/shindonggyu/Library/Developer/Xcode/DerivedData/MovieBox-clhiigenqkkfoleuoryfnsgmylbs/SourcePackages/checkouts/realm-core/src/spm -Xcc -I/Users/shindonggyu/Library/Developer/Xcode/DerivedData/MovieBox-clhiigenqkkfoleuoryfnsgmylbs/SourcePackages/checkouts/realm-swift/include -Xcc -I/Users/shindonggyu/Library/Developer/Xcode/DerivedData/MovieBox-clhiigenqkkfoleuoryfnsgmylbs/Build/Products/Debug-iphoneos/include -Xcc -I/Users/shindonggyu/Library/Developer/Xcode/DerivedData/MovieBox-clhiigenqkkfoleuoryfnsgmylbs/Build/Intermediates.noindex/MovieBox.build/Debug-iphoneos/MovieBox.build/DerivedSources-normal/arm64 -Xcc -I/Users/shindonggyu/Library/Developer/Xcode/DerivedData/MovieBox-clhiigenqkkfoleuoryfnsgmylbs/Build/Intermediates.noindex/MovieBox.build/Debug-iphoneos/MovieBox.build/DerivedSources/arm64 -Xcc -I/Users/shindonggyu/Library/Developer/Xcode/DerivedData/MovieBox-clhiigenqkkfoleuoryfnsgmylbs/Build/Intermediates.noindex/MovieBox.build/Debug-iphoneos/MovieBox.build/DerivedSources -Xcc -DDEBUG\=1 -emit-objc-header -emit-objc-header-path /Users/shindonggyu/Library/Developer/Xcode/DerivedData/MovieBox-clhiigenqkkfoleuoryfnsgmylbs/Build/Intermediates.noindex/MovieBox.build/Debug-iphoneos/MovieBox.build/Objects-normal/arm64/MovieBox-Swift.h -working-directory /Users/shindonggyu/Documents/MovieBox/MovieBox -experimental-emit-module-separately -disable-cmo

Ld /Users/shindonggyu/Library/Developer/Xcode/DerivedData/MovieBox-clhiigenqkkfoleuoryfnsgmylbs/Build/Products/Debug-iphoneos/MovieBox.app/MovieBox.debug.dylib normal (in target 'MovieBox' from project 'MovieBox')
    cd /Users/shindonggyu/Documents/MovieBox/MovieBox
    /Applications/Xcode-26.0.1.app/Contents/Developer/Toolchains/XcodeDefault.xctoolchain/usr/bin/clang -Xlinker -reproducible -target arm64-apple-ios16.0 -dynamiclib -isysroot /Applications/Xcode-26.0.1.app/Contents/Developer/Platforms/iPhoneOS.platform/Developer/SDKs/iPhoneOS26.0.sdk -O0 -L/Users/shindonggyu/Library/Developer/Xcode/DerivedData/MovieBox-clhiigenqkkfoleuoryfnsgmylbs/Build/Intermediates.noindex/EagerLinkingTBDs/Debug-iphoneos -L/Users/shindonggyu/Library/Developer/Xcode/DerivedData/MovieBox-clhiigenqkkfoleuoryfnsgmylbs/Build/Products/Debug-iphoneos -F/Users/shindonggyu/Library/Developer/Xcode/DerivedData/MovieBox-clhiigenqkkfoleuoryfnsgmylbs/Build/Intermediates.noindex/EagerLinkingTBDs/Debug-iphoneos -F/Users/shindonggyu/Library/Developer/Xcode/DerivedData/MovieBox-clhiigenqkkfoleuoryfnsgmylbs/Build/Products/Debug-iphoneos/PackageFrameworks -F/Users/shindonggyu/Library/Developer/Xcode/DerivedData/MovieBox-clhiigenqkkfoleuoryfnsgmylbs/Build/Products/Debug-iphoneos/PackageFrameworks -F/Users/shindonggyu/Library/Developer/Xcode/DerivedData/MovieBox-clhiigenqkkfoleuoryfnsgmylbs/Build/Products/Debug-iphoneos/PackageFrameworks -F/Users/shindonggyu/Library/Developer/Xcode/DerivedData/MovieBox-clhiigenqkkfoleuoryfnsgmylbs/Build/Products/Debug-iphoneos/PackageFrameworks -F/Users/shindonggyu/Library/Developer/Xcode/DerivedData/MovieBox-clhiigenqkkfoleuoryfnsgmylbs/Build/Products/Debug-iphoneos/PackageFrameworks -F/Users/shindonggyu/Library/Developer/Xcode/DerivedData/MovieBox-clhiigenqkkfoleuoryfnsgmylbs/Build/Products/Debug-iphoneos/PackageFrameworks -F/Users/shindonggyu/Library/Developer/Xcode/DerivedData/MovieBox-clhiigenqkkfoleuoryfnsgmylbs/Build/Products/Debug-iphoneos/PackageFrameworks -F/Users/shindonggyu/Library/Developer/Xcode/DerivedData/MovieBox-clhiigenqkkfoleuoryfnsgmylbs/Build/Products/Debug-iphoneos/PackageFrameworks -F/Users/shindonggyu/Library/Developer/Xcode/DerivedData/MovieBox-clhiigenqkkfoleuoryfnsgmylbs/Build/Products/Debug-iphoneos/PackageFrameworks -F/Users/shindonggyu/Library/Developer/Xcode/DerivedData/MovieBox-clhiigenqkkfoleuoryfnsgmylbs/Build/Products/Debug-iphoneos/PackageFrameworks -F/Users/shindonggyu/Library/Developer/Xcode/DerivedData/MovieBox-clhiigenqkkfoleuoryfnsgmylbs/Build/Products/Debug-iphoneos/PackageFrameworks -F/Users/shindonggyu/Library/Developer/Xcode/DerivedData/MovieBox-clhiigenqkkfoleuoryfnsgmylbs/Build/Products/Debug-iphoneos/PackageFrameworks -F/Users/shindonggyu/Library/Developer/Xcode/DerivedData/MovieBox-clhiigenqkkfoleuoryfnsgmylbs/Build/Products/Debug-iphoneos/PackageFrameworks -F/Users/shindonggyu/Library/Developer/Xcode/DerivedData/MovieBox-clhiigenqkkfoleuoryfnsgmylbs/Build/Products/Debug-iphoneos/PackageFrameworks -F/Users/shindonggyu/Library/Developer/Xcode/DerivedData/MovieBox-clhiigenqkkfoleuoryfnsgmylbs/Build/Products/Debug-iphoneos/PackageFrameworks -F/Users/shindonggyu/Library/Developer/Xcode/DerivedData/MovieBox-clhiigenqkkfoleuoryfnsgmylbs/Build/Products/Debug-iphoneos/PackageFrameworks -F/Users/shindonggyu/Library/Developer/Xcode/DerivedData/MovieBox-clhiigenqkkfoleuoryfnsgmylbs/Build/Products/Debug-iphoneos -filelist /Users/shindonggyu/Library/Developer/Xcode/DerivedData/MovieBox-clhiigenqkkfoleuoryfnsgmylbs/Build/Intermediates.noindex/MovieBox.build/Debug-iphoneos/MovieBox.build/Objects-normal/arm64/MovieBox.LinkFileList -install_name @rpath/MovieBox.debug.dylib -Xlinker -rpath -Xlinker /usr/lib/swift -Xlinker -rpath -Xlinker /Users/shindonggyu/Library/Developer/Xcode/DerivedData/MovieBox-clhiigenqkkfoleuoryfnsgmylbs/Build/Products/Debug-iphoneos/PackageFrameworks -Xlinker -rpath -Xlinker @executable_path/Frameworks -dead_strip -Xlinker -object_path_lto -Xlinker /Users/shindonggyu/Library/Developer/Xcode/DerivedData/MovieBox-clhiigenqkkfoleuoryfnsgmylbs/Build/Intermediates.noindex/MovieBox.build/Debug-iphoneos/MovieBox.build/Objects-normal/arm64/MovieBox_lto.o -rdynamic -Xlinker -no_deduplicate -Xlinker -dependency_info -Xlinker /Users/shindonggyu/Library/Developer/Xcode/DerivedData/MovieBox-clhiigenqkkfoleuoryfnsgmylbs/Build/Intermediates.noindex/MovieBox.build/Debug-iphoneos/MovieBox.build/Objects-normal/arm64/MovieBox_dependency_info.dat -fobjc-link-runtime -L/Applications/Xcode-26.0.1.app/Contents/Developer/Toolchains/XcodeDefault.xctoolchain/usr/lib/swift/iphoneos -L/usr/lib/swift -Xlinker -add_ast_path -Xlinker /Users/shindonggyu/Library/Developer/Xcode/DerivedData/MovieBox-clhiigenqkkfoleuoryfnsgmylbs/Build/Intermediates.noindex/MovieBox.build/Debug-iphoneos/MovieBox.build/Objects-normal/arm64/MovieBox.swiftmodule @/Users/shindonggyu/Library/Developer/Xcode/DerivedData/MovieBox-clhiigenqkkfoleuoryfnsgmylbs/Build/Intermediates.noindex/MovieBox.build/Debug-iphoneos/MovieBox.build/Objects-normal/arm64/MovieBox-linker-args.resp -Wl,-no_warn_duplicate_libraries -lc++ -Wl,-no_warn_duplicate_libraries -lc++ -Wl,-no_warn_duplicate_libraries -Wl,-no_warn_duplicate_libraries -lc++ -Wl,-no_warn_duplicate_libraries -lc++ -Wl,-no_warn_duplicate_libraries -Wl,-no_warn_duplicate_libraries -Wl,-no_warn_duplicate_libraries -Wl,-no_warn_duplicate_libraries -Wl,-no_warn_duplicate_libraries -Wl,-no_warn_duplicate_libraries -Wl,-no_warn_duplicate_libraries -Wl,-no_warn_duplicate_libraries -Wl,-no_warn_duplicate_libraries -Wl,-no_warn_duplicate_libraries -Wl,-no_warn_duplicate_libraries -framework CFNetwork -framework UIKit -lcompression -lz -framework Foundation -framework Security -Xlinker -alias -Xlinker _main -Xlinker ___debug_main_executable_dylib_entry_point /Users/shindonggyu/Library/Developer/Xcode/DerivedData/MovieBox-clhiigenqkkfoleuoryfnsgmylbs/Build/Products/Debug-iphoneos/PackageFrameworks/RealmSwift.framework/RealmSwift -Xlinker -no_adhoc_codesign -o /Users/shindonggyu/Library/Developer/Xcode/DerivedData/MovieBox-clhiigenqkkfoleuoryfnsgmylbs/Build/Products/Debug-iphoneos/MovieBox.app/MovieBox.debug.dylib -Xlinker -add_ast_path -Xlinker /Users/shindonggyu/Library/Developer/Xcode/DerivedData/MovieBox-clhiigenqkkfoleuoryfnsgmylbs/Build/Intermediates.noindex/SkeletonUI.build/Debug-iphoneos/SkeletonUI.build/Objects-normal/arm64/SkeletonUI.swiftmodule @/Users/shindonggyu/Library/Developer/Xcode/DerivedData/MovieBox-clhiigenqkkfoleuoryfnsgmylbs/Build/Intermediates.noindex/SkeletonUI.build/Debug-iphoneos/SkeletonUI.build/Objects-normal/arm64/SkeletonUI-linker-args.resp -Xlinker -add_ast_path -Xlinker /Users/shindonggyu/Library/Developer/Xcode/DerivedData/MovieBox-clhiigenqkkfoleuoryfnsgmylbs/Build/Intermediates.noindex/Cosmos.build/Debug-iphoneos/Cosmos.build/Objects-normal/arm64/Cosmos.swiftmodule @/Users/shindonggyu/Library/Developer/Xcode/DerivedData/MovieBox-clhiigenqkkfoleuoryfnsgmylbs/Build/Intermediates.noindex/Cosmos.build/Debug-iphoneos/Cosmos.build/Objects-normal/arm64/Cosmos-linker-args.resp -Xlinker -add_ast_path -Xlinker /Users/shindonggyu/Library/Developer/Xcode/DerivedData/MovieBox-clhiigenqkkfoleuoryfnsgmylbs/Build/Intermediates.noindex/Swinject.build/Debug-iphoneos/Swinject.build/Objects-normal/arm64/Swinject.swiftmodule @/Users/shindonggyu/Library/Developer/Xcode/DerivedData/MovieBox-clhiigenqkkfoleuoryfnsgmylbs/Build/Intermediates.noindex/Swinject.build/Debug-iphoneos/Swinject.build/Objects-normal/arm64/Swinject-linker-args.resp -Xlinker -add_ast_path -Xlinker /Users/shindonggyu/Library/Developer/Xcode/DerivedData/MovieBox-clhiigenqkkfoleuoryfnsgmylbs/Build/Intermediates.noindex/YouTubePlayerKit.build/Debug-iphoneos/YouTubePlayerKit.build/Objects-normal/arm64/YouTubePlayerKit.swiftmodule @/Users/shindonggyu/Library/Developer/Xcode/DerivedData/MovieBox-clhiigenqkkfoleuoryfnsgmylbs/Build/Intermediates.noindex/YouTubePlayerKit.build/Debug-iphoneos/YouTubePlayerKit.build/Objects-normal/arm64/YouTubePlayerKit-linker-args.resp -Xlinker -add_ast_path -Xlinker /Users/shindonggyu/Library/Developer/Xcode/DerivedData/MovieBox-clhiigenqkkfoleuoryfnsgmylbs/Build/Intermediates.noindex/ShuffleIt.build/Debug-iphoneos/ShuffleIt.build/Objects-normal/arm64/ShuffleIt.swiftmodule @/Users/shindonggyu/Library/Developer/Xcode/DerivedData/MovieBox-clhiigenqkkfoleuoryfnsgmylbs/Build/Intermediates.noindex/ShuffleIt.build/Debug-iphoneos/ShuffleIt.build/Objects-normal/arm64/ShuffleIt-linker-args.resp -Xlinker -add_ast_path -Xlinker /Users/shindonggyu/Library/Developer/Xcode/DerivedData/MovieBox-clhiigenqkkfoleuoryfnsgmylbs/Build/Intermediates.noindex/ShuffleIt.build/Debug-iphoneos/Utils.build/Objects-normal/arm64/Utils.swiftmodule @/Users/shindonggyu/Library/Developer/Xcode/DerivedData/MovieBox-clhiigenqkkfoleuoryfnsgmylbs/Build/Intermediates.noindex/ShuffleIt.build/Debug-iphoneos/Utils.build/Objects-normal/arm64/Utils-linker-args.resp -Xlinker -add_ast_path -Xlinker /Users/shindonggyu/Library/Developer/Xcode/DerivedData/MovieBox-clhiigenqkkfoleuoryfnsgmylbs/Build/Intermediates.noindex/Moya.build/Debug-iphoneos/Moya.build/Objects-normal/arm64/Moya.swiftmodule @/Users/shindonggyu/Library/Developer/Xcode/DerivedData/MovieBox-clhiigenqkkfoleuoryfnsgmylbs/Build/Intermediates.noindex/Moya.build/Debug-iphoneos/Moya.build/Objects-normal/arm64/Moya-linker-args.resp -Xlinker -add_ast_path -Xlinker /Users/shindonggyu/Library/Developer/Xcode/DerivedData/MovieBox-clhiigenqkkfoleuoryfnsgmylbs/Build/Intermediates.noindex/Alamofire.build/Debug-iphoneos/Alamofire.build/Objects-normal/arm64/Alamofire.swiftmodule @/Users/shindonggyu/Library/Developer/Xcode/DerivedData/MovieBox-clhiigenqkkfoleuoryfnsgmylbs/Build/Intermediates.noindex/Alamofire.build/Debug-iphoneos/Alamofire.build/Objects-normal/arm64/Alamofire-linker-args.resp -Xlinker -add_ast_path -Xlinker /Users/shindonggyu/Library/Developer/Xcode/DerivedData/MovieBox-clhiigenqkkfoleuoryfnsgmylbs/Build/Intermediates.noindex/SwiftUIVisualEffects.build/Debug-iphoneos/SwiftUIVisualEffects.build/Objects-normal/arm64/SwiftUIVisualEffects.swiftmodule @/Users/shindonggyu/Library/Developer/Xcode/DerivedData/MovieBox-clhiigenqkkfoleuoryfnsgmylbs/Build/Intermediates.noindex/SwiftUIVisualEffects.build/Debug-iphoneos/SwiftUIVisualEffects.build/Objects-normal/arm64/SwiftUIVisualEffects-linker-args.resp -Xlinker -add_ast_path -Xlinker /Users/shindonggyu/Library/Developer/Xcode/DerivedData/MovieBox-clhiigenqkkfoleuoryfnsgmylbs/Build/Intermediates.noindex/Kingfisher.build/Debug-iphoneos/Kingfisher.build/Objects-normal/arm64/Kingfisher.swiftmodule @/Users/shindonggyu/Library/Developer/Xcode/DerivedData/MovieBox-clhiigenqkkfoleuoryfnsgmylbs/Build/Intermediates.noindex/Kingfisher.build/Debug-iphoneos/Kingfisher.build/Objects-normal/arm64/Kingfisher-linker-args.resp

ConstructStubExecutorLinkFileList /Users/shindonggyu/Library/Developer/Xcode/DerivedData/MovieBox-clhiigenqkkfoleuoryfnsgmylbs/Build/Intermediates.noindex/MovieBox.build/Debug-iphoneos/MovieBox.build/MovieBox-ExecutorLinkFileList-normal-arm64.txt (in target 'MovieBox' from project 'MovieBox')
    cd /Users/shindonggyu/Documents/MovieBox/MovieBox
    construct-stub-executor-link-file-list /Users/shindonggyu/Library/Developer/Xcode/DerivedData/MovieBox-clhiigenqkkfoleuoryfnsgmylbs/Build/Products/Debug-iphoneos/MovieBox.app/MovieBox.debug.dylib /Applications/Xcode-26.0.1.app/Contents/Developer/Platforms/iPhoneOS.platform/Developer/usr/lib/libPreviewsJITStubExecutor_no_swift_entry_point.a /Applications/Xcode-26.0.1.app/Contents/Developer/Platforms/iPhoneOS.platform/Developer/usr/lib/libPreviewsJITStubExecutor.a --output /Users/shindonggyu/Library/Developer/Xcode/DerivedData/MovieBox-clhiigenqkkfoleuoryfnsgmylbs/Build/Intermediates.noindex/MovieBox.build/Debug-iphoneos/MovieBox.build/MovieBox-ExecutorLinkFileList-normal-arm64.txt
note: Using stub executor library with Swift entry point. (in target 'MovieBox' from project 'MovieBox')

Ld /Users/shindonggyu/Library/Developer/Xcode/DerivedData/MovieBox-clhiigenqkkfoleuoryfnsgmylbs/Build/Products/Debug-iphoneos/MovieBox.app/MovieBox normal (in target 'MovieBox' from project 'MovieBox')
    cd /Users/shindonggyu/Documents/MovieBox/MovieBox
    /Applications/Xcode-26.0.1.app/Contents/Developer/Toolchains/XcodeDefault.xctoolchain/usr/bin/clang -Xlinker -reproducible -target arm64-apple-ios16.0 -isysroot /Applications/Xcode-26.0.1.app/Contents/Developer/Platforms/iPhoneOS.platform/Developer/SDKs/iPhoneOS26.0.sdk -O0 -L/Users/shindonggyu/Library/Developer/Xcode/DerivedData/MovieBox-clhiigenqkkfoleuoryfnsgmylbs/Build/Products/Debug-iphoneos -F/Users/shindonggyu/Library/Developer/Xcode/DerivedData/MovieBox-clhiigenqkkfoleuoryfnsgmylbs/Build/Products/Debug-iphoneos/PackageFrameworks -F/Users/shindonggyu/Library/Developer/Xcode/DerivedData/MovieBox-clhiigenqkkfoleuoryfnsgmylbs/Build/Products/Debug-iphoneos/PackageFrameworks -F/Users/shindonggyu/Library/Developer/Xcode/DerivedData/MovieBox-clhiigenqkkfoleuoryfnsgmylbs/Build/Products/Debug-iphoneos/PackageFrameworks -F/Users/shindonggyu/Library/Developer/Xcode/DerivedData/MovieBox-clhiigenqkkfoleuoryfnsgmylbs/Build/Products/Debug-iphoneos/PackageFrameworks -F/Users/shindonggyu/Library/Developer/Xcode/DerivedData/MovieBox-clhiigenqkkfoleuoryfnsgmylbs/Build/Products/Debug-iphoneos/PackageFrameworks -F/Users/shindonggyu/Library/Developer/Xcode/DerivedData/MovieBox-clhiigenqkkfoleuoryfnsgmylbs/Build/Products/Debug-iphoneos/PackageFrameworks -F/Users/shindonggyu/Library/Developer/Xcode/DerivedData/MovieBox-clhiigenqkkfoleuoryfnsgmylbs/Build/Products/Debug-iphoneos/PackageFrameworks -F/Users/shindonggyu/Library/Developer/Xcode/DerivedData/MovieBox-clhiigenqkkfoleuoryfnsgmylbs/Build/Products/Debug-iphoneos/PackageFrameworks -F/Users/shindonggyu/Library/Developer/Xcode/DerivedData/MovieBox-clhiigenqkkfoleuoryfnsgmylbs/Build/Products/Debug-iphoneos/PackageFrameworks -F/Users/shindonggyu/Library/Developer/Xcode/DerivedData/MovieBox-clhiigenqkkfoleuoryfnsgmylbs/Build/Products/Debug-iphoneos/PackageFrameworks -F/Users/shindonggyu/Library/Developer/Xcode/DerivedData/MovieBox-clhiigenqkkfoleuoryfnsgmylbs/Build/Products/Debug-iphoneos/PackageFrameworks -F/Users/shindonggyu/Library/Developer/Xcode/DerivedData/MovieBox-clhiigenqkkfoleuoryfnsgmylbs/Build/Products/Debug-iphoneos/PackageFrameworks -F/Users/shindonggyu/Library/Developer/Xcode/DerivedData/MovieBox-clhiigenqkkfoleuoryfnsgmylbs/Build/Products/Debug-iphoneos/PackageFrameworks -F/Users/shindonggyu/Library/Developer/Xcode/DerivedData/MovieBox-clhiigenqkkfoleuoryfnsgmylbs/Build/Products/Debug-iphoneos/PackageFrameworks -F/Users/shindonggyu/Library/Developer/Xcode/DerivedData/MovieBox-clhiigenqkkfoleuoryfnsgmylbs/Build/Products/Debug-iphoneos/PackageFrameworks -F/Users/shindonggyu/Library/Developer/Xcode/DerivedData/MovieBox-clhiigenqkkfoleuoryfnsgmylbs/Build/Products/Debug-iphoneos/PackageFrameworks -F/Users/shindonggyu/Library/Developer/Xcode/DerivedData/MovieBox-clhiigenqkkfoleuoryfnsgmylbs/Build/Products/Debug-iphoneos -Xlinker -rpath -Xlinker @executable_path -Xlinker -rpath -Xlinker /Users/shindonggyu/Library/Developer/Xcode/DerivedData/MovieBox-clhiigenqkkfoleuoryfnsgmylbs/Build/Products/Debug-iphoneos/PackageFrameworks -Xlinker -rpath -Xlinker @executable_path/Frameworks -rdynamic -Xlinker -no_deduplicate -e ___debug_blank_executor_main -Xlinker -sectcreate -Xlinker __TEXT -Xlinker __debug_dylib -Xlinker /Users/shindonggyu/Library/Developer/Xcode/DerivedData/MovieBox-clhiigenqkkfoleuoryfnsgmylbs/Build/Intermediates.noindex/MovieBox.build/Debug-iphoneos/MovieBox.build/MovieBox-DebugDylibPath-normal-arm64.txt -Xlinker -sectcreate -Xlinker __TEXT -Xlinker __debug_instlnm -Xlinker /Users/shindonggyu/Library/Developer/Xcode/DerivedData/MovieBox-clhiigenqkkfoleuoryfnsgmylbs/Build/Intermediates.noindex/MovieBox.build/Debug-iphoneos/MovieBox.build/MovieBox-DebugDylibInstallName-normal-arm64.txt -Xlinker -filelist -Xlinker /Users/shindonggyu/Library/Developer/Xcode/DerivedData/MovieBox-clhiigenqkkfoleuoryfnsgmylbs/Build/Intermediates.noindex/MovieBox.build/Debug-iphoneos/MovieBox.build/MovieBox-ExecutorLinkFileList-normal-arm64.txt /Users/shindonggyu/Library/Developer/Xcode/DerivedData/MovieBox-clhiigenqkkfoleuoryfnsgmylbs/Build/Products/Debug-iphoneos/MovieBox.app/MovieBox.debug.dylib -Xlinker -no_adhoc_codesign -o /Users/shindonggyu/Library/Developer/Xcode/DerivedData/MovieBox-clhiigenqkkfoleuoryfnsgmylbs/Build/Products/Debug-iphoneos/MovieBox.app/MovieBox

ProcessInfoPlistFile /Users/shindonggyu/Library/Developer/Xcode/DerivedData/MovieBox-clhiigenqkkfoleuoryfnsgmylbs/Build/Products/Debug-iphoneos/MovieBox.app/Info.plist /Users/shindonggyu/Documents/MovieBox/MovieBox/MovieBox/Info.plist (in target 'MovieBox' from project 'MovieBox')
    cd /Users/shindonggyu/Documents/MovieBox/MovieBox
    builtin-infoPlistUtility /Users/shindonggyu/Documents/MovieBox/MovieBox/MovieBox/Info.plist -producttype com.apple.product-type.application -genpkginfo /Users/shindonggyu/Library/Developer/Xcode/DerivedData/MovieBox-clhiigenqkkfoleuoryfnsgmylbs/Build/Products/Debug-iphoneos/MovieBox.app/PkgInfo -expandbuildsettings -format binary -platform iphoneos -additionalcontentfile /Users/shindonggyu/Library/Developer/Xcode/DerivedData/MovieBox-clhiigenqkkfoleuoryfnsgmylbs/Build/Intermediates.noindex/MovieBox.build/Debug-iphoneos/MovieBox.build/Launch\ Screen-SBPartialInfo.plist -additionalcontentfile /Users/shindonggyu/Library/Developer/Xcode/DerivedData/MovieBox-clhiigenqkkfoleuoryfnsgmylbs/Build/Intermediates.noindex/MovieBox.build/Debug-iphoneos/MovieBox.build/assetcatalog_generated_info.plist -scanforprivacyfile /Users/shindonggyu/Library/Developer/Xcode/DerivedData/MovieBox-clhiigenqkkfoleuoryfnsgmylbs/Build/Products/Debug-iphoneos/MovieBox.app/Alamofire_Alamofire.bundle -scanforprivacyfile /Users/shindonggyu/Library/Developer/Xcode/DerivedData/MovieBox-clhiigenqkkfoleuoryfnsgmylbs/Build/Products/Debug-iphoneos/MovieBox.app/Cosmos_Cosmos.bundle -scanforprivacyfile /Users/shindonggyu/Library/Developer/Xcode/DerivedData/MovieBox-clhiigenqkkfoleuoryfnsgmylbs/Build/Products/Debug-iphoneos/MovieBox.app/Frameworks/RealmSwift.framework -scanforprivacyfile /Users/shindonggyu/Library/Developer/Xcode/DerivedData/MovieBox-clhiigenqkkfoleuoryfnsgmylbs/Build/Products/Debug-iphoneos/MovieBox.app/Kingfisher_Kingfisher.bundle -scanforprivacyfile /Users/shindonggyu/Library/Developer/Xcode/DerivedData/MovieBox-clhiigenqkkfoleuoryfnsgmylbs/Build/Products/Debug-iphoneos/MovieBox.app/RealmDatabase_RealmCoreResources.bundle -scanforprivacyfile /Users/shindonggyu/Library/Developer/Xcode/DerivedData/MovieBox-clhiigenqkkfoleuoryfnsgmylbs/Build/Products/Debug-iphoneos/MovieBox.app/Realm_Realm.bundle -scanforprivacyfile /Users/shindonggyu/Library/Developer/Xcode/DerivedData/MovieBox-clhiigenqkkfoleuoryfnsgmylbs/Build/Products/Debug-iphoneos/MovieBox.app/Realm_RealmSwift.bundle -scanforprivacyfile /Users/shindonggyu/Library/Developer/Xcode/DerivedData/MovieBox-clhiigenqkkfoleuoryfnsgmylbs/Build/Products/Debug-iphoneos/MovieBox.app/Swinject_Swinject.bundle -scanforprivacyfile /Users/shindonggyu/Library/Developer/Xcode/DerivedData/MovieBox-clhiigenqkkfoleuoryfnsgmylbs/Build/Products/Debug-iphoneos/MovieBox.app/YouTubePlayerKit_YouTubePlayerKit.bundle -requiredArchitecture arm64 -o /Users/shindonggyu/Library/Developer/Xcode/DerivedData/MovieBox-clhiigenqkkfoleuoryfnsgmylbs/Build/Products/Debug-iphoneos/MovieBox.app/Info.plist

CopySwiftLibs /Users/shindonggyu/Library/Developer/Xcode/DerivedData/MovieBox-clhiigenqkkfoleuoryfnsgmylbs/Build/Products/Debug-iphoneos/MovieBox.app (in target 'MovieBox' from project 'MovieBox')
    cd /Users/shindonggyu/Documents/MovieBox/MovieBox
    builtin-swiftStdLibTool --copy --verbose --sign 1FB7EB25762D02138F521DC988C5C3F01063FDA1 --scan-executable /Users/shindonggyu/Library/Developer/Xcode/DerivedData/MovieBox-clhiigenqkkfoleuoryfnsgmylbs/Build/Products/Debug-iphoneos/MovieBox.app/MovieBox.debug.dylib --scan-folder /Users/shindonggyu/Library/Developer/Xcode/DerivedData/MovieBox-clhiigenqkkfoleuoryfnsgmylbs/Build/Products/Debug-iphoneos/MovieBox.app/Frameworks --scan-folder /Users/shindonggyu/Library/Developer/Xcode/DerivedData/MovieBox-clhiigenqkkfoleuoryfnsgmylbs/Build/Products/Debug-iphoneos/MovieBox.app/PlugIns --scan-folder /Users/shindonggyu/Library/Developer/Xcode/DerivedData/MovieBox-clhiigenqkkfoleuoryfnsgmylbs/Build/Products/Debug-iphoneos/MovieBox.app/SystemExtensions --scan-folder /Users/shindonggyu/Library/Developer/Xcode/DerivedData/MovieBox-clhiigenqkkfoleuoryfnsgmylbs/Build/Products/Debug-iphoneos/MovieBox.app/Extensions --scan-folder /Users/shindonggyu/Library/Developer/Xcode/DerivedData/MovieBox-clhiigenqkkfoleuoryfnsgmylbs/Build/Products/Debug-iphoneos/PackageFrameworks/RealmSwift.framework --platform iphoneos --toolchain /Applications/Xcode-26.0.1.app/Contents/Developer/Toolchains/XcodeDefault.xctoolchain --destination /Users/shindonggyu/Library/Developer/Xcode/DerivedData/MovieBox-clhiigenqkkfoleuoryfnsgmylbs/Build/Products/Debug-iphoneos/MovieBox.app/Frameworks --strip-bitcode --strip-bitcode-tool /Applications/Xcode-26.0.1.app/Contents/Developer/Toolchains/XcodeDefault.xctoolchain/usr/bin/bitcode_strip --emit-dependency-info /Users/shindonggyu/Library/Developer/Xcode/DerivedData/MovieBox-clhiigenqkkfoleuoryfnsgmylbs/Build/Intermediates.noindex/MovieBox.build/Debug-iphoneos/MovieBox.build/SwiftStdLibToolInputDependencies.dep --filter-for-swift-os

ExtractAppIntentsMetadata (in target 'MovieBox' from project 'MovieBox')
    cd /Users/shindonggyu/Documents/MovieBox/MovieBox
    /Applications/Xcode-26.0.1.app/Contents/Developer/Toolchains/XcodeDefault.xctoolchain/usr/bin/appintentsmetadataprocessor --toolchain-dir /Applications/Xcode-26.0.1.app/Contents/Developer/Toolchains/XcodeDefault.xctoolchain --module-name MovieBox --sdk-root /Applications/Xcode-26.0.1.app/Contents/Developer/Platforms/iPhoneOS.platform/Developer/SDKs/iPhoneOS26.0.sdk --xcode-version 17A400 --platform-family iOS --deployment-target 16.0 --bundle-identifier com.jinyoo.sesac.MovieBox --output /Users/shindonggyu/Library/Developer/Xcode/DerivedData/MovieBox-clhiigenqkkfoleuoryfnsgmylbs/Build/Products/Debug-iphoneos/MovieBox.app --target-triple arm64-apple-ios16.0 --binary-file /Users/shindonggyu/Library/Developer/Xcode/DerivedData/MovieBox-clhiigenqkkfoleuoryfnsgmylbs/Build/Products/Debug-iphoneos/MovieBox.app/MovieBox --dependency-file /Users/shindonggyu/Library/Developer/Xcode/DerivedData/MovieBox-clhiigenqkkfoleuoryfnsgmylbs/Build/Intermediates.noindex/MovieBox.build/Debug-iphoneos/MovieBox.build/Objects-normal/arm64/MovieBox_dependency_info.dat --stringsdata-file /Users/shindonggyu/Library/Developer/Xcode/DerivedData/MovieBox-clhiigenqkkfoleuoryfnsgmylbs/Build/Intermediates.noindex/MovieBox.build/Debug-iphoneos/MovieBox.build/Objects-normal/arm64/ExtractedAppShortcutsMetadata.stringsdata --source-file-list /Users/shindonggyu/Library/Developer/Xcode/DerivedData/MovieBox-clhiigenqkkfoleuoryfnsgmylbs/Build/Intermediates.noindex/MovieBox.build/Debug-iphoneos/MovieBox.build/Objects-normal/arm64/MovieBox.SwiftFileList --metadata-file-list /Users/shindonggyu/Library/Developer/Xcode/DerivedData/MovieBox-clhiigenqkkfoleuoryfnsgmylbs/Build/Intermediates.noindex/MovieBox.build/Debug-iphoneos/MovieBox.build/MovieBox.DependencyMetadataFileList --static-metadata-file-list /Users/shindonggyu/Library/Developer/Xcode/DerivedData/MovieBox-clhiigenqkkfoleuoryfnsgmylbs/Build/Intermediates.noindex/MovieBox.build/Debug-iphoneos/MovieBox.build/MovieBox.DependencyStaticMetadataFileList --swift-const-vals-list /Users/shindonggyu/Library/Developer/Xcode/DerivedData/MovieBox-clhiigenqkkfoleuoryfnsgmylbs/Build/Intermediates.noindex/MovieBox.build/Debug-iphoneos/MovieBox.build/Objects-normal/arm64/MovieBox.SwiftConstValuesFileList --compile-time-extraction --deployment-aware-processing --validate-assistant-intents --no-app-shortcuts-localization
2025-11-02 15:59:05.774 appintentsmetadataprocessor[24517:936805] Starting appintentsmetadataprocessor export
2025-11-02 15:59:05.775 appintentsmetadataprocessor[24517:936805] warning: Metadata extraction skipped. No AppIntents.framework dependency found.

CodeSign /Users/shindonggyu/Library/Developer/Xcode/DerivedData/MovieBox-clhiigenqkkfoleuoryfnsgmylbs/Build/Products/Debug-iphoneos/MovieBox.app/MovieBox.debug.dylib (in target 'MovieBox' from project 'MovieBox')
    cd /Users/shindonggyu/Documents/MovieBox/MovieBox
    
    Signing Identity:     "Apple Development: donggyu shin (R4CXKKCUD9)"
    Provisioning Profile: "iOS Team Provisioning Profile: *"
                          (aec36018-f014-423d-a7ad-92187b10e61e)
    
    /usr/bin/codesign --force --sign 1FB7EB25762D02138F521DC988C5C3F01063FDA1 --timestamp\=none --generate-entitlement-der /Users/shindonggyu/Library/Developer/Xcode/DerivedData/MovieBox-clhiigenqkkfoleuoryfnsgmylbs/Build/Products/Debug-iphoneos/MovieBox.app/MovieBox.debug.dylib

CodeSign /Users/shindonggyu/Library/Developer/Xcode/DerivedData/MovieBox-clhiigenqkkfoleuoryfnsgmylbs/Build/Products/Debug-iphoneos/MovieBox.app/__preview.dylib (in target 'MovieBox' from project 'MovieBox')
    cd /Users/shindonggyu/Documents/MovieBox/MovieBox
    
    Signing Identity:     "Apple Development: donggyu shin (R4CXKKCUD9)"
    Provisioning Profile: "iOS Team Provisioning Profile: *"
                          (aec36018-f014-423d-a7ad-92187b10e61e)
    
    /usr/bin/codesign --force --sign 1FB7EB25762D02138F521DC988C5C3F01063FDA1 --timestamp\=none --generate-entitlement-der /Users/shindonggyu/Library/Developer/Xcode/DerivedData/MovieBox-clhiigenqkkfoleuoryfnsgmylbs/Build/Products/Debug-iphoneos/MovieBox.app/__preview.dylib
/Users/shindonggyu/Library/Developer/Xcode/DerivedData/MovieBox-clhiigenqkkfoleuoryfnsgmylbs/Build/Products/Debug-iphoneos/MovieBox.app/__preview.dylib: replacing existing signature

CodeSign /Users/shindonggyu/Library/Developer/Xcode/DerivedData/MovieBox-clhiigenqkkfoleuoryfnsgmylbs/Build/Products/Debug-iphoneos/MovieBox.app (in target 'MovieBox' from project 'MovieBox')
    cd /Users/shindonggyu/Documents/MovieBox/MovieBox
    
    Signing Identity:     "Apple Development: donggyu shin (R4CXKKCUD9)"
    Provisioning Profile: "iOS Team Provisioning Profile: *"
                          (aec36018-f014-423d-a7ad-92187b10e61e)
    
    /usr/bin/codesign --force --sign 1FB7EB25762D02138F521DC988C5C3F01063FDA1 --entitlements /Users/shindonggyu/Library/Developer/Xcode/DerivedData/MovieBox-clhiigenqkkfoleuoryfnsgmylbs/Build/Intermediates.noindex/MovieBox.build/Debug-iphoneos/MovieBox.build/MovieBox.app.xcent --timestamp\=none --generate-entitlement-der /Users/shindonggyu/Library/Developer/Xcode/DerivedData/MovieBox-clhiigenqkkfoleuoryfnsgmylbs/Build/Products/Debug-iphoneos/MovieBox.app

Validate /Users/shindonggyu/Library/Developer/Xcode/DerivedData/MovieBox-clhiigenqkkfoleuoryfnsgmylbs/Build/Products/Debug-iphoneos/MovieBox.app (in target 'MovieBox' from project 'MovieBox')
    cd /Users/shindonggyu/Documents/MovieBox/MovieBox
    builtin-validationUtility /Users/shindonggyu/Library/Developer/Xcode/DerivedData/MovieBox-clhiigenqkkfoleuoryfnsgmylbs/Build/Products/Debug-iphoneos/MovieBox.app -shallow-bundle -infoplist-subpath Info.plist


Result bundle written to path:
	/Users/shindonggyu/Documents/MovieBox/MovieBox/.nvim/xcodebuild/build.xcresult

** BUILD SUCCEEDED **


