Command line invocation:
    /Applications/Xcode-26.0.1.app/Contents/Developer/usr/bin/xcodebuild build -project /Users/shindonggyu/Documents/MovieBox/MovieBox/MovieBox.xcodeproj -scheme MovieBox -destination id=00008110-0014712436A1401E -resultBundlePath /Users/shindonggyu/Documents/MovieBox/MovieBox/.nvim/xcodebuild/build.xcresult -parallelizeTargets

Resolve Package Graph


Resolved source packages:
  Moya: https://github.com/Moya/Moya.git @ 15.0.3
  swift-snapshot-testing: https://github.com/pointfreeco/swift-snapshot-testing @ 1.18.7
  Cosmos: https://github.com/evgenyneu/Cosmos.git @ 25.0.1
  xctest-dynamic-overlay: https://github.com/pointfreeco/xctest-dynamic-overlay @ 1.7.0
  swift-syntax: https://github.com/swiftlang/swift-syntax @ 602.0.0
  RealmDatabase: https://github.com/realm/realm-core.git @ 20.0.0
  Kingfisher: https://github.com/onevcat/Kingfisher.git @ 8.6.1
  Realm: https://github.com/realm/realm-swift.git @ 20.0.0
  SkeletonUI: https://github.com/CSolanaM/SkeletonUI.git @ 2.0.2
  ShuffleIt: https://github.com/dscyrescotti/ShuffleIt.git @ 2.1.3
  RxSwift: https://github.com/ReactiveX/RxSwift.git @ 6.9.1
  Alamofire: https://github.com/Alamofire/Alamofire.git @ 5.10.2
  Swinject: https://github.com/Swinject/Swinject.git @ 2.10.0
  ReactiveSwift: https://github.com/ReactiveCocoa/ReactiveSwift.git @ 6.7.0
  SwiftUIVisualEffects: https://github.com/lucasbrown/swiftui-visual-effects.git @ 1.0.3
  YouTubePlayerKit: https://github.com/SvenTiigi/YouTubePlayerKit.git @ 1.9.0
  swift-custom-dump: https://github.com/pointfreeco/swift-custom-dump @ 1.3.3

Writing result bundle at path:
	/Users/shindonggyu/Documents/MovieBox/MovieBox/.nvim/xcodebuild/build.xcresult

ComputePackagePrebuildTargetDependencyGraph

Prepare packages

CreateBuildRequest

SendProjectDescription

CreateBuildOperation

ComputeTargetDependencyGraph
note: Building targets in dependency order
note: Target dependency graph (36 targets)
    Target 'MovieBox' in project 'MovieBox'
        ➜ Explicit dependency on target 'RealmSwift' in project 'Realm'
        ➜ Explicit dependency on target 'SkeletonUI' in project 'SkeletonUI'
        ➜ Explicit dependency on target 'Cosmos' in project 'Cosmos'
        ➜ Explicit dependency on target 'Swinject' in project 'Swinject'
        ➜ Explicit dependency on target 'YouTubePlayerKit' in project 'YouTubePlayerKit'
        ➜ Explicit dependency on target 'ShuffleIt' in project 'ShuffleIt'
        ➜ Explicit dependency on target 'Moya' in project 'Moya'
        ➜ Explicit dependency on target 'SwiftUIVisualEffects' in project 'SwiftUIVisualEffects'
        ➜ Explicit dependency on target 'Kingfisher' in project 'Kingfisher'
    Target 'Kingfisher' in project 'Kingfisher'
        ➜ Explicit dependency on target 'Kingfisher' in project 'Kingfisher'
        ➜ Explicit dependency on target 'Kingfisher_Kingfisher' in project 'Kingfisher'
    Target 'Kingfisher' in project 'Kingfisher'
        ➜ Explicit dependency on target 'Kingfisher_Kingfisher' in project 'Kingfisher'
    Target 'Kingfisher_Kingfisher' in project 'Kingfisher' (no dependencies)
    Target 'SwiftUIVisualEffects' in project 'SwiftUIVisualEffects'
        ➜ Explicit dependency on target 'SwiftUIVisualEffects' in project 'SwiftUIVisualEffects'
    Target 'SwiftUIVisualEffects' in project 'SwiftUIVisualEffects' (no dependencies)
    Target 'Moya' in project 'Moya'
        ➜ Explicit dependency on target 'Moya' in project 'Moya'
        ➜ Explicit dependency on target 'Alamofire' in project 'Alamofire'
    Target 'Moya' in project 'Moya'
        ➜ Explicit dependency on target 'Alamofire' in project 'Alamofire'
    Target 'Alamofire' in project 'Alamofire'
        ➜ Explicit dependency on target 'Alamofire' in project 'Alamofire'
        ➜ Explicit dependency on target 'Alamofire_Alamofire' in project 'Alamofire'
    Target 'Alamofire' in project 'Alamofire'
        ➜ Explicit dependency on target 'Alamofire_Alamofire' in project 'Alamofire'
    Target 'Alamofire_Alamofire' in project 'Alamofire' (no dependencies)
    Target 'ShuffleIt' in project 'ShuffleIt'
        ➜ Explicit dependency on target 'ShuffleIt' in project 'ShuffleIt'
        ➜ Explicit dependency on target 'Utils' in project 'ShuffleIt'
    Target 'ShuffleIt' in project 'ShuffleIt'
        ➜ Explicit dependency on target 'Utils' in project 'ShuffleIt'
    Target 'Utils' in project 'ShuffleIt' (no dependencies)
    Target 'YouTubePlayerKit' in project 'YouTubePlayerKit'
        ➜ Explicit dependency on target 'YouTubePlayerKit' in project 'YouTubePlayerKit'
        ➜ Explicit dependency on target 'YouTubePlayerKit_YouTubePlayerKit' in project 'YouTubePlayerKit'
    Target 'YouTubePlayerKit' in project 'YouTubePlayerKit'
        ➜ Explicit dependency on target 'YouTubePlayerKit_YouTubePlayerKit' in project 'YouTubePlayerKit'
    Target 'YouTubePlayerKit_YouTubePlayerKit' in project 'YouTubePlayerKit' (no dependencies)
    Target 'Swinject' in project 'Swinject'
        ➜ Explicit dependency on target 'Swinject' in project 'Swinject'
        ➜ Explicit dependency on target 'Swinject_Swinject' in project 'Swinject'
    Target 'Swinject' in project 'Swinject'
        ➜ Explicit dependency on target 'Swinject_Swinject' in project 'Swinject'
    Target 'Swinject_Swinject' in project 'Swinject' (no dependencies)
    Target 'Cosmos' in project 'Cosmos'
        ➜ Explicit dependency on target 'Cosmos' in project 'Cosmos'
        ➜ Explicit dependency on target 'Cosmos_Cosmos' in project 'Cosmos'
    Target 'Cosmos' in project 'Cosmos'
        ➜ Explicit dependency on target 'Cosmos_Cosmos' in project 'Cosmos'
    Target 'Cosmos_Cosmos' in project 'Cosmos' (no dependencies)
    Target 'SkeletonUI' in project 'SkeletonUI'
        ➜ Explicit dependency on target 'SkeletonUI' in project 'SkeletonUI'
    Target 'SkeletonUI' in project 'SkeletonUI' (no dependencies)
    Target 'RealmSwift' in project 'Realm'
        ➜ Explicit dependency on target 'RealmSwift' in project 'Realm'
        ➜ Explicit dependency on target 'Realm_RealmSwift' in project 'Realm'
        ➜ Explicit dependency on target 'Realm' in project 'Realm'
        ➜ Explicit dependency on target 'RealmCore' in project 'RealmDatabase'
    Target 'RealmSwift' in project 'Realm'
        ➜ Explicit dependency on target 'Realm_RealmSwift' in project 'Realm'
        ➜ Explicit dependency on target 'Realm' in project 'Realm'
        ➜ Explicit dependency on target 'RealmCore' in project 'RealmDatabase'
    Target 'Realm' in project 'Realm'
        ➜ Explicit dependency on target 'Realm_Realm' in project 'Realm'
        ➜ Explicit dependency on target 'RealmCore' in project 'RealmDatabase'
    Target 'RealmCore' in project 'RealmDatabase'
        ➜ Explicit dependency on target 'RealmCoreResources' in project 'RealmDatabase'
        ➜ Explicit dependency on target 'RealmDatabase_RealmCoreResources' in project 'RealmDatabase'
        ➜ Explicit dependency on target 'Bid' in project 'RealmDatabase'
        ➜ Explicit dependency on target 's2geometry' in project 'RealmDatabase'
        ➜ Explicit dependency on target 'RealmCore' in project 'RealmDatabase'
    Target 'RealmCoreResources' in project 'RealmDatabase'
        ➜ Explicit dependency on target 'RealmDatabase_RealmCoreResources' in project 'RealmDatabase'
        ➜ Explicit dependency on target 'Bid' in project 'RealmDatabase'
        ➜ Explicit dependency on target 's2geometry' in project 'RealmDatabase'
        ➜ Explicit dependency on target 'RealmCore' in project 'RealmDatabase'
    Target 'RealmCore' in project 'RealmDatabase'
        ➜ Explicit dependency on target 'Bid' in project 'RealmDatabase'
        ➜ Explicit dependency on target 's2geometry' in project 'RealmDatabase'
    Target 's2geometry' in project 'RealmDatabase' (no dependencies)
    Target 'Bid' in project 'RealmDatabase' (no dependencies)
    Target 'RealmDatabase_RealmCoreResources' in project 'RealmDatabase' (no dependencies)
    Target 'Realm_Realm' in project 'Realm' (no dependencies)
    Target 'Realm_RealmSwift' in project 'Realm' (no dependencies)

GatherProvisioningInputs

CreateBuildDescription

ClangStatCache /Applications/Xcode-26.0.1.app/Contents/Developer/Toolchains/XcodeDefault.xctoolchain/usr/bin/clang-stat-cache /Applications/Xcode-26.0.1.app/Contents/Developer/Platforms/iPhoneOS.platform/Developer/SDKs/iPhoneOS26.0.sdk /Users/shindonggyu/Library/Developer/Xcode/DerivedData/SDKStatCaches.noindex/iphoneos26.0-23A339-0f53b02c8474e8e9b7a75290ef5106fd.sdkstatcache
    cd /Users/shindonggyu/Documents/MovieBox/MovieBox/MovieBox.xcodeproj
    /Applications/Xcode-26.0.1.app/Contents/Developer/Toolchains/XcodeDefault.xctoolchain/usr/bin/clang-stat-cache /Applications/Xcode-26.0.1.app/Contents/Developer/Platforms/iPhoneOS.platform/Developer/SDKs/iPhoneOS26.0.sdk -o /Users/shindonggyu/Library/Developer/Xcode/DerivedData/SDKStatCaches.noindex/iphoneos26.0-23A339-0f53b02c8474e8e9b7a75290ef5106fd.sdkstatcache


Result bundle written to path:
	/Users/shindonggyu/Documents/MovieBox/MovieBox/.nvim/xcodebuild/build.xcresult

** BUILD SUCCEEDED **


-----------------------------
-- xcodebuild.nvim summary --
-----------------------------

  ✔ Build Succeeded

